{"/Users/lukealbao/Dropbox/dev/tictactoe/lib/bits.js":{"path":"/Users/lukealbao/Dropbox/dev/tictactoe/lib/bits.js","s":{"1":1,"2":1,"3":712793,"4":712793,"5":22096583,"6":1480867,"7":712793,"8":1,"9":40,"10":40,"11":172,"12":40,"13":1,"14":1485144,"15":1,"16":1510,"17":1510,"18":6259,"19":1510,"20":1,"21":495048,"22":495048,"23":109054,"24":385994,"25":286351,"26":99643},"b":{"1":[1480867,20615716],"2":[1485144,349512],"3":[109054,385994],"4":[109054,5706],"5":[286351,99643]},"f":{"1":712793,"2":40,"3":172,"4":1485144,"5":1510,"6":495048},"fnMap":{"1":{"name":"getFlags","line":14,"loc":{"start":{"line":14,"column":0},"end":{"line":14,"column":24}}},"2":{"name":"setFlags","line":25,"loc":{"start":{"line":25,"column":0},"end":{"line":25,"column":24}}},"3":{"name":"(anonymous_3)","line":27,"loc":{"start":{"line":27,"column":16},"end":{"line":27,"column":31}}},"4":{"name":"countFlags","line":33,"loc":{"start":{"line":33,"column":0},"end":{"line":33,"column":26}}},"5":{"name":"stringifyBitArray","line":37,"loc":{"start":{"line":37,"column":0},"end":{"line":37,"column":38}}},"6":{"name":"oneStepAway","line":47,"loc":{"start":{"line":47,"column":0},"end":{"line":47,"column":38}}}},"statementMap":{"1":{"start":{"line":6,"column":0},"end":{"line":12,"column":2}},"2":{"start":{"line":14,"column":0},"end":{"line":23,"column":1}},"3":{"start":{"line":15,"column":4},"end":{"line":16,"column":3}},"4":{"start":{"line":17,"column":4},"end":{"line":21,"column":5}},"5":{"start":{"line":18,"column":1},"end":{"line":20,"column":2}},"6":{"start":{"line":19,"column":5},"end":{"line":20,"column":1}},"7":{"start":{"line":22,"column":4},"end":{"line":22,"column":15}},"8":{"start":{"line":25,"column":0},"end":{"line":31,"column":1}},"9":{"start":{"line":26,"column":4},"end":{"line":26,"column":16}},"10":{"start":{"line":27,"column":4},"end":{"line":29,"column":7}},"11":{"start":{"line":28,"column":1},"end":{"line":28,"column":17}},"12":{"start":{"line":30,"column":4},"end":{"line":30,"column":15}},"13":{"start":{"line":33,"column":0},"end":{"line":35,"column":1}},"14":{"start":{"line":34,"column":4},"end":{"line":34,"column":54}},"15":{"start":{"line":37,"column":0},"end":{"line":45,"column":1}},"16":{"start":{"line":38,"column":4},"end":{"line":39,"column":29}},"17":{"start":{"line":41,"column":4},"end":{"line":43,"column":5}},"18":{"start":{"line":42,"column":1},"end":{"line":42,"column":23}},"19":{"start":{"line":44,"column":4},"end":{"line":44,"column":18}},"20":{"start":{"line":47,"column":0},"end":{"line":60,"column":1}},"21":{"start":{"line":48,"column":4},"end":{"line":50,"column":34}},"22":{"start":{"line":52,"column":4},"end":{"line":59,"column":5}},"23":{"start":{"line":53,"column":1},"end":{"line":54,"column":45}},"24":{"start":{"line":55,"column":11},"end":{"line":59,"column":5}},"25":{"start":{"line":56,"column":1},"end":{"line":56,"column":49}},"26":{"start":{"line":58,"column":1},"end":{"line":58,"column":14}}},"branchMap":{"1":{"line":18,"type":"if","locations":[{"start":{"line":18,"column":1},"end":{"line":18,"column":1}},{"start":{"line":18,"column":1},"end":{"line":18,"column":1}}]},"2":{"line":34,"type":"binary-expr","locations":[{"start":{"line":34,"column":12},"end":{"line":34,"column":39}},{"start":{"line":34,"column":43},"end":{"line":34,"column":45}}]},"3":{"line":52,"type":"if","locations":[{"start":{"line":52,"column":4},"end":{"line":52,"column":4}},{"start":{"line":52,"column":4},"end":{"line":52,"column":4}}]},"4":{"line":53,"type":"binary-expr","locations":[{"start":{"line":53,"column":16},"end":{"line":53,"column":44}},{"start":{"line":54,"column":12},"end":{"line":54,"column":43}}]},"5":{"line":55,"type":"if","locations":[{"start":{"line":55,"column":11},"end":{"line":55,"column":11}},{"start":{"line":55,"column":11},"end":{"line":55,"column":11}}]}}},"/Users/lukealbao/Dropbox/dev/tictactoe/lib/ai-controller.js":{"path":"/Users/lukealbao/Dropbox/dev/tictactoe/lib/ai-controller.js","s":{"1":1,"2":1,"3":1,"4":1,"5":1,"6":1,"7":1,"8":1,"9":1,"10":1,"11":1,"12":0,"13":0,"14":1,"15":0,"16":1,"17":0,"18":0,"19":0,"20":0,"21":1,"22":4,"23":4,"24":4,"25":4,"26":4,"27":4,"28":31,"29":31,"30":10,"31":10,"32":4,"33":1,"34":0,"35":0,"36":0,"37":0,"38":0,"39":0,"40":0,"41":0,"42":0,"43":0,"44":0,"45":0,"46":0,"47":0,"48":0,"49":0,"50":0,"51":0,"52":0,"53":0,"54":0,"55":0,"56":0,"57":0,"58":0,"59":0,"60":0,"61":0,"62":1,"63":450,"64":450,"65":450,"66":19740,"67":19740,"68":3556,"69":16184,"70":9331,"71":6853,"72":4465,"73":2388,"74":0,"75":2388,"76":450,"77":2388,"78":1,"79":4922,"80":4922,"81":4922,"82":98440,"83":98440,"84":98440,"85":98440,"86":163,"87":163,"88":98277,"89":98277,"90":4922,"91":3711,"92":1211,"93":1,"94":1402,"95":961,"96":441,"97":441,"98":441,"99":441,"100":441,"101":6,"102":435,"103":1566,"104":357,"105":357,"106":43,"107":314,"108":314,"109":314,"110":1566,"111":1209,"112":1209,"113":155,"114":1054,"115":1054,"116":1054,"117":435,"118":1,"119":2,"120":2,"121":2,"122":2,"123":2,"124":2,"125":2,"126":2,"127":2,"128":2,"129":1,"130":1,"131":1,"132":1,"133":3,"134":3,"135":3,"136":1,"137":1,"138":1,"139":1,"140":2},"b":{"1":[0,0],"2":[0,0],"3":[10,21],"4":[0,0],"5":[0,0],"6":[0,0],"7":[0,0],"8":[0,0],"9":[0,0],"10":[0,0],"11":[0,0],"12":[0,0],"13":[0,0],"14":[0,0],"15":[3556,16184],"16":[9331,6853],"17":[4465,2388],"18":[6853,6469],"19":[0,2388],"20":[163,98277],"21":[3711,1211],"22":[961,441],"23":[6,435],"24":[6,0],"25":[2001,1702,1665],"26":[357,1209],"27":[43,314],"28":[1209,357],"29":[155,1054],"30":[121,314],"31":[1,1],"32":[1,2],"33":[1,0]},"f":{"1":0,"2":0,"3":0,"4":4,"5":0,"6":450,"7":19740,"8":2388,"9":4922,"10":98440,"11":1402,"12":2},"fnMap":{"1":{"name":"(anonymous_1)","line":34,"loc":{"start":{"line":34,"column":23},"end":{"line":34,"column":39}}},"2":{"name":"(anonymous_2)","line":42,"loc":{"start":{"line":42,"column":21},"end":{"line":42,"column":34}}},"3":{"name":"(anonymous_3)","line":46,"loc":{"start":{"line":46,"column":27},"end":{"line":46,"column":47}}},"4":{"name":"calculateMove","line":54,"loc":{"start":{"line":54,"column":0},"end":{"line":54,"column":42}}},"5":{"name":"alphaBetaSearch","line":75,"loc":{"start":{"line":75,"column":0},"end":{"line":75,"column":69}}},"6":{"name":"getMoves","line":142,"loc":{"start":{"line":142,"column":0},"end":{"line":142,"column":41}}},"7":{"name":"(anonymous_7)","line":145,"loc":{"start":{"line":145,"column":44},"end":{"line":145,"column":61}}},"8":{"name":"(anonymous_8)","line":168,"loc":{"start":{"line":168,"column":21},"end":{"line":168,"column":37}}},"9":{"name":"score","line":188,"loc":{"start":{"line":188,"column":0},"end":{"line":188,"column":40}}},"10":{"name":"(anonymous_10)","line":192,"loc":{"start":{"line":192,"column":27},"end":{"line":192,"column":45}}},"11":{"name":"moveSearch","line":220,"loc":{"start":{"line":220,"column":0},"end":{"line":220,"column":62}}},"12":{"name":"prepareMove","line":267,"loc":{"start":{"line":267,"column":0},"end":{"line":267,"column":43}}}},"statementMap":{"1":{"start":{"line":15,"column":0},"end":{"line":21,"column":5}},"2":{"start":{"line":22,"column":0},"end":{"line":22,"column":33}},"3":{"start":{"line":23,"column":0},"end":{"line":23,"column":33}},"4":{"start":{"line":24,"column":0},"end":{"line":24,"column":43}},"5":{"start":{"line":25,"column":0},"end":{"line":25,"column":41}},"6":{"start":{"line":26,"column":0},"end":{"line":26,"column":41}},"7":{"start":{"line":27,"column":0},"end":{"line":27,"column":29}},"8":{"start":{"line":28,"column":0},"end":{"line":28,"column":29}},"9":{"start":{"line":29,"column":0},"end":{"line":29,"column":23}},"10":{"start":{"line":31,"column":0},"end":{"line":31,"column":66}},"11":{"start":{"line":34,"column":0},"end":{"line":40,"column":3}},"12":{"start":{"line":35,"column":4},"end":{"line":37,"column":8}},"13":{"start":{"line":38,"column":4},"end":{"line":38,"column":61}},"14":{"start":{"line":42,"column":0},"end":{"line":44,"column":3}},"15":{"start":{"line":43,"column":4},"end":{"line":43,"column":44}},"16":{"start":{"line":46,"column":0},"end":{"line":52,"column":3}},"17":{"start":{"line":47,"column":4},"end":{"line":49,"column":5}},"18":{"start":{"line":48,"column":1},"end":{"line":48,"column":56}},"19":{"start":{"line":50,"column":4},"end":{"line":50,"column":54}},"20":{"start":{"line":51,"column":4},"end":{"line":51,"column":35}},"21":{"start":{"line":54,"column":0},"end":{"line":73,"column":1}},"22":{"start":{"line":55,"column":4},"end":{"line":55,"column":40}},"23":{"start":{"line":56,"column":4},"end":{"line":56,"column":14}},"24":{"start":{"line":57,"column":4},"end":{"line":57,"column":24}},"25":{"start":{"line":58,"column":4},"end":{"line":58,"column":23}},"26":{"start":{"line":59,"column":4},"end":{"line":60,"column":34}},"27":{"start":{"line":62,"column":4},"end":{"line":70,"column":5}},"28":{"start":{"line":64,"column":1},"end":{"line":65,"column":35}},"29":{"start":{"line":66,"column":1},"end":{"line":69,"column":2}},"30":{"start":{"line":67,"column":5},"end":{"line":67,"column":22}},"31":{"start":{"line":68,"column":5},"end":{"line":68,"column":39}},"32":{"start":{"line":72,"column":4},"end":{"line":72,"column":30}},"33":{"start":{"line":75,"column":0},"end":{"line":134,"column":1}},"34":{"start":{"line":76,"column":4},"end":{"line":78,"column":5}},"35":{"start":{"line":77,"column":1},"end":{"line":77,"column":37}},"36":{"start":{"line":80,"column":4},"end":{"line":80,"column":41}},"37":{"start":{"line":81,"column":4},"end":{"line":81,"column":15}},"38":{"start":{"line":83,"column":4},"end":{"line":86,"column":5}},"39":{"start":{"line":85,"column":1},"end":{"line":85,"column":37}},"40":{"start":{"line":88,"column":4},"end":{"line":131,"column":5}},"41":{"start":{"line":89,"column":1},"end":{"line":89,"column":26}},"42":{"start":{"line":90,"column":1},"end":{"line":90,"column":28}},"43":{"start":{"line":91,"column":1},"end":{"line":91,"column":32}},"44":{"start":{"line":92,"column":1},"end":{"line":92,"column":47}},"45":{"start":{"line":93,"column":1},"end":{"line":93,"column":16}},"46":{"start":{"line":95,"column":1},"end":{"line":96,"column":33}},"47":{"start":{"line":98,"column":1},"end":{"line":130,"column":2}},"48":{"start":{"line":99,"column":5},"end":{"line":101,"column":6}},"49":{"start":{"line":100,"column":2},"end":{"line":100,"column":21}},"50":{"start":{"line":102,"column":5},"end":{"line":104,"column":6}},"51":{"start":{"line":103,"column":2},"end":{"line":103,"column":14}},"52":{"start":{"line":105,"column":5},"end":{"line":107,"column":6}},"53":{"start":{"line":106,"column":2},"end":{"line":106,"column":22}},"54":{"start":{"line":114,"column":8},"end":{"line":130,"column":2}},"55":{"start":{"line":115,"column":5},"end":{"line":117,"column":6}},"56":{"start":{"line":116,"column":2},"end":{"line":116,"column":20}},"57":{"start":{"line":118,"column":5},"end":{"line":120,"column":6}},"58":{"start":{"line":119,"column":2},"end":{"line":119,"column":15}},"59":{"start":{"line":121,"column":5},"end":{"line":123,"column":6}},"60":{"start":{"line":122,"column":2},"end":{"line":122,"column":21}},"61":{"start":{"line":133,"column":4},"end":{"line":134,"column":0}},"62":{"start":{"line":142,"column":0},"end":{"line":174,"column":1}},"63":{"start":{"line":143,"column":4},"end":{"line":143,"column":54}},"64":{"start":{"line":144,"column":4},"end":{"line":144,"column":46}},"65":{"start":{"line":145,"column":4},"end":{"line":166,"column":7}},"66":{"start":{"line":146,"column":1},"end":{"line":146,"column":48}},"67":{"start":{"line":149,"column":1},"end":{"line":151,"column":2}},"68":{"start":{"line":150,"column":5},"end":{"line":150,"column":18}},"69":{"start":{"line":153,"column":1},"end":{"line":155,"column":2}},"70":{"start":{"line":154,"column":5},"end":{"line":154,"column":18}},"71":{"start":{"line":157,"column":1},"end":{"line":159,"column":2}},"72":{"start":{"line":158,"column":5},"end":{"line":158,"column":18}},"73":{"start":{"line":161,"column":1},"end":{"line":165,"column":18}},"74":{"start":{"line":162,"column":5},"end":{"line":162,"column":18}},"75":{"start":{"line":165,"column":6},"end":{"line":165,"column":18}},"76":{"start":{"line":168,"column":4},"end":{"line":173,"column":7}},"77":{"start":{"line":169,"column":1},"end":{"line":173,"column":4}},"78":{"start":{"line":188,"column":0},"end":{"line":216,"column":1}},"79":{"start":{"line":189,"column":4},"end":{"line":189,"column":33}},"80":{"start":{"line":190,"column":4},"end":{"line":190,"column":21}},"81":{"start":{"line":192,"column":4},"end":{"line":209,"column":7}},"82":{"start":{"line":193,"column":1},"end":{"line":193,"column":17}},"83":{"start":{"line":194,"column":1},"end":{"line":194,"column":52}},"84":{"start":{"line":195,"column":1},"end":{"line":195,"column":56}},"85":{"start":{"line":198,"column":1},"end":{"line":201,"column":2}},"86":{"start":{"line":199,"column":5},"end":{"line":199,"column":19}},"87":{"start":{"line":200,"column":5},"end":{"line":200,"column":12}},"88":{"start":{"line":204,"column":1},"end":{"line":206,"column":27}},"89":{"start":{"line":208,"column":1},"end":{"line":208,"column":25}},"90":{"start":{"line":211,"column":4},"end":{"line":215,"column":5}},"91":{"start":{"line":212,"column":1},"end":{"line":213,"column":4}},"92":{"start":{"line":214,"column":1},"end":{"line":214,"column":18}},"93":{"start":{"line":220,"column":0},"end":{"line":265,"column":1}},"94":{"start":{"line":221,"column":4},"end":{"line":223,"column":5}},"95":{"start":{"line":222,"column":1},"end":{"line":222,"column":38}},"96":{"start":{"line":225,"column":4},"end":{"line":225,"column":17}},"97":{"start":{"line":226,"column":4},"end":{"line":226,"column":15}},"98":{"start":{"line":227,"column":4},"end":{"line":227,"column":20}},"99":{"start":{"line":228,"column":4},"end":{"line":228,"column":41}},"100":{"start":{"line":229,"column":4},"end":{"line":231,"column":5}},"101":{"start":{"line":230,"column":1},"end":{"line":230,"column":27}},"102":{"start":{"line":233,"column":4},"end":{"line":262,"column":5}},"103":{"start":{"line":234,"column":1},"end":{"line":247,"column":2}},"104":{"start":{"line":235,"column":5},"end":{"line":235,"column":64}},"105":{"start":{"line":236,"column":5},"end":{"line":246,"column":6}},"106":{"start":{"line":237,"column":2},"end":{"line":237,"column":20}},"107":{"start":{"line":239,"column":2},"end":{"line":239,"column":41}},"108":{"start":{"line":240,"column":2},"end":{"line":241,"column":28}},"109":{"start":{"line":242,"column":2},"end":{"line":242,"column":35}},"110":{"start":{"line":248,"column":1},"end":{"line":261,"column":2}},"111":{"start":{"line":249,"column":5},"end":{"line":249,"column":64}},"112":{"start":{"line":250,"column":5},"end":{"line":260,"column":6}},"113":{"start":{"line":251,"column":2},"end":{"line":251,"column":20}},"114":{"start":{"line":253,"column":2},"end":{"line":253,"column":41}},"115":{"start":{"line":254,"column":2},"end":{"line":255,"column":28}},"116":{"start":{"line":256,"column":2},"end":{"line":256,"column":35}},"117":{"start":{"line":264,"column":4},"end":{"line":264,"column":33}},"118":{"start":{"line":267,"column":0},"end":{"line":304,"column":1}},"119":{"start":{"line":268,"column":4},"end":{"line":268,"column":25}},"120":{"start":{"line":269,"column":4},"end":{"line":269,"column":67}},"121":{"start":{"line":270,"column":4},"end":{"line":270,"column":15}},"122":{"start":{"line":271,"column":4},"end":{"line":271,"column":20}},"123":{"start":{"line":272,"column":4},"end":{"line":272,"column":17}},"124":{"start":{"line":273,"column":4},"end":{"line":273,"column":16}},"125":{"start":{"line":274,"column":4},"end":{"line":274,"column":14}},"126":{"start":{"line":275,"column":4},"end":{"line":275,"column":12}},"127":{"start":{"line":276,"column":4},"end":{"line":276,"column":10}},"128":{"start":{"line":278,"column":4},"end":{"line":296,"column":5}},"129":{"start":{"line":279,"column":1},"end":{"line":279,"column":48}},"130":{"start":{"line":280,"column":1},"end":{"line":280,"column":21}},"131":{"start":{"line":281,"column":1},"end":{"line":281,"column":25}},"132":{"start":{"line":285,"column":1},"end":{"line":294,"column":2}},"133":{"start":{"line":286,"column":5},"end":{"line":286,"column":26}},"134":{"start":{"line":287,"column":5},"end":{"line":287,"column":51}},"135":{"start":{"line":288,"column":5},"end":{"line":293,"column":6}},"136":{"start":{"line":289,"column":2},"end":{"line":289,"column":22}},"137":{"start":{"line":290,"column":2},"end":{"line":290,"column":28}},"138":{"start":{"line":291,"column":2},"end":{"line":291,"column":32}},"139":{"start":{"line":292,"column":2},"end":{"line":292,"column":28}},"140":{"start":{"line":298,"column":4},"end":{"line":303,"column":6}}},"branchMap":{"1":{"line":47,"type":"if","locations":[{"start":{"line":47,"column":4},"end":{"line":47,"column":4}},{"start":{"line":47,"column":4},"end":{"line":47,"column":4}}]},"2":{"line":50,"type":"binary-expr","locations":[{"start":{"line":50,"column":27},"end":{"line":50,"column":42}},{"start":{"line":50,"column":46},"end":{"line":50,"column":52}}]},"3":{"line":66,"type":"if","locations":[{"start":{"line":66,"column":1},"end":{"line":66,"column":1}},{"start":{"line":66,"column":1},"end":{"line":66,"column":1}}]},"4":{"line":76,"type":"if","locations":[{"start":{"line":76,"column":4},"end":{"line":76,"column":4}},{"start":{"line":76,"column":4},"end":{"line":76,"column":4}}]},"5":{"line":83,"type":"if","locations":[{"start":{"line":83,"column":4},"end":{"line":83,"column":4}},{"start":{"line":83,"column":4},"end":{"line":83,"column":4}}]},"6":{"line":98,"type":"if","locations":[{"start":{"line":98,"column":1},"end":{"line":98,"column":1}},{"start":{"line":98,"column":1},"end":{"line":98,"column":1}}]},"7":{"line":99,"type":"if","locations":[{"start":{"line":99,"column":5},"end":{"line":99,"column":5}},{"start":{"line":99,"column":5},"end":{"line":99,"column":5}}]},"8":{"line":102,"type":"if","locations":[{"start":{"line":102,"column":5},"end":{"line":102,"column":5}},{"start":{"line":102,"column":5},"end":{"line":102,"column":5}}]},"9":{"line":105,"type":"if","locations":[{"start":{"line":105,"column":5},"end":{"line":105,"column":5}},{"start":{"line":105,"column":5},"end":{"line":105,"column":5}}]},"10":{"line":114,"type":"if","locations":[{"start":{"line":114,"column":8},"end":{"line":114,"column":8}},{"start":{"line":114,"column":8},"end":{"line":114,"column":8}}]},"11":{"line":115,"type":"if","locations":[{"start":{"line":115,"column":5},"end":{"line":115,"column":5}},{"start":{"line":115,"column":5},"end":{"line":115,"column":5}}]},"12":{"line":118,"type":"if","locations":[{"start":{"line":118,"column":5},"end":{"line":118,"column":5}},{"start":{"line":118,"column":5},"end":{"line":118,"column":5}}]},"13":{"line":121,"type":"if","locations":[{"start":{"line":121,"column":5},"end":{"line":121,"column":5}},{"start":{"line":121,"column":5},"end":{"line":121,"column":5}}]},"14":{"line":133,"type":"cond-expr","locations":[{"start":{"line":133,"column":22},"end":{"line":133,"column":26}},{"start":{"line":133,"column":29},"end":{"line":133,"column":34}}]},"15":{"line":149,"type":"if","locations":[{"start":{"line":149,"column":1},"end":{"line":149,"column":1}},{"start":{"line":149,"column":1},"end":{"line":149,"column":1}}]},"16":{"line":153,"type":"if","locations":[{"start":{"line":153,"column":1},"end":{"line":153,"column":1}},{"start":{"line":153,"column":1},"end":{"line":153,"column":1}}]},"17":{"line":157,"type":"if","locations":[{"start":{"line":157,"column":1},"end":{"line":157,"column":1}},{"start":{"line":157,"column":1},"end":{"line":157,"column":1}}]},"18":{"line":157,"type":"binary-expr","locations":[{"start":{"line":157,"column":5},"end":{"line":157,"column":20}},{"start":{"line":157,"column":24},"end":{"line":157,"column":52}}]},"19":{"line":161,"type":"if","locations":[{"start":{"line":161,"column":1},"end":{"line":161,"column":1}},{"start":{"line":161,"column":1},"end":{"line":161,"column":1}}]},"20":{"line":198,"type":"if","locations":[{"start":{"line":198,"column":1},"end":{"line":198,"column":1}},{"start":{"line":198,"column":1},"end":{"line":198,"column":1}}]},"21":{"line":211,"type":"if","locations":[{"start":{"line":211,"column":4},"end":{"line":211,"column":4}},{"start":{"line":211,"column":4},"end":{"line":211,"column":4}}]},"22":{"line":221,"type":"if","locations":[{"start":{"line":221,"column":4},"end":{"line":221,"column":4}},{"start":{"line":221,"column":4},"end":{"line":221,"column":4}}]},"23":{"line":229,"type":"if","locations":[{"start":{"line":229,"column":4},"end":{"line":229,"column":4}},{"start":{"line":229,"column":4},"end":{"line":229,"column":4}}]},"24":{"line":230,"type":"cond-expr","locations":[{"start":{"line":230,"column":20},"end":{"line":230,"column":21}},{"start":{"line":230,"column":24},"end":{"line":230,"column":26}}]},"25":{"line":233,"type":"binary-expr","locations":[{"start":{"line":233,"column":13},"end":{"line":233,"column":36}},{"start":{"line":233,"column":41},"end":{"line":233,"column":48}},{"start":{"line":233,"column":52},"end":{"line":233,"column":60}}]},"26":{"line":234,"type":"if","locations":[{"start":{"line":234,"column":1},"end":{"line":234,"column":1}},{"start":{"line":234,"column":1},"end":{"line":234,"column":1}}]},"27":{"line":236,"type":"if","locations":[{"start":{"line":236,"column":5},"end":{"line":236,"column":5}},{"start":{"line":236,"column":5},"end":{"line":236,"column":5}}]},"28":{"line":248,"type":"if","locations":[{"start":{"line":248,"column":1},"end":{"line":248,"column":1}},{"start":{"line":248,"column":1},"end":{"line":248,"column":1}}]},"29":{"line":250,"type":"if","locations":[{"start":{"line":250,"column":5},"end":{"line":250,"column":5}},{"start":{"line":250,"column":5},"end":{"line":250,"column":5}}]},"30":{"line":264,"type":"cond-expr","locations":[{"start":{"line":264,"column":23},"end":{"line":264,"column":26}},{"start":{"line":264,"column":29},"end":{"line":264,"column":32}}]},"31":{"line":278,"type":"if","locations":[{"start":{"line":278,"column":4},"end":{"line":278,"column":4}},{"start":{"line":278,"column":4},"end":{"line":278,"column":4}}]},"32":{"line":288,"type":"if","locations":[{"start":{"line":288,"column":5},"end":{"line":288,"column":5}},{"start":{"line":288,"column":5},"end":{"line":288,"column":5}}]},"33":{"line":291,"type":"cond-expr","locations":[{"start":{"line":291,"column":26},"end":{"line":291,"column":27}},{"start":{"line":291,"column":30},"end":{"line":291,"column":31}}]}}},"/Users/lukealbao/Dropbox/dev/tictactoe/lib/struct.js":{"path":"/Users/lukealbao/Dropbox/dev/tictactoe/lib/struct.js","s":{"1":1,"2":1,"3":1,"4":1,"5":1,"6":1,"7":1,"8":1,"9":1,"10":1,"11":1,"12":1,"13":1,"14":1,"15":1,"16":5,"17":5,"18":1,"19":1,"20":1,"21":1,"22":1,"23":1,"24":1,"25":1,"26":1,"27":1,"28":1,"29":1,"30":1,"31":1,"32":1,"33":1,"34":1,"35":1,"36":1,"37":2,"38":2,"39":8,"40":260,"41":2412,"42":8,"43":2,"44":1,"45":2,"46":2,"47":2,"48":6,"49":2,"50":1,"51":1,"52":1,"53":6,"54":465,"55":4239,"56":6,"57":1,"58":1,"59":1,"60":1,"61":1,"62":6,"63":1,"64":1,"65":2,"66":2,"67":16,"68":48,"69":32,"70":16,"71":2,"72":14,"73":2,"74":1,"75":1,"76":1,"77":1,"78":728,"79":728,"80":48,"81":680,"82":680,"83":495040,"84":495040,"85":20563,"86":1},"b":{"1":[48,680],"2":[20563,474477],"3":[495040,20563]},"f":{"1":1,"2":1,"3":2,"4":260,"5":2412,"6":2,"7":1,"8":465,"9":4239,"10":1,"11":2,"12":48,"13":32,"14":14,"15":1},"fnMap":{"1":{"name":"populateAttackVectors","line":31,"loc":{"start":{"line":31,"column":0},"end":{"line":31,"column":34}}},"2":{"name":"populateEdges","line":54,"loc":{"start":{"line":54,"column":0},"end":{"line":54,"column":26}}},"3":{"name":"populateSinglePlayerStates","line":68,"loc":{"start":{"line":68,"column":0},"end":{"line":68,"column":39}}},"4":{"name":"(anonymous_4)","line":75,"loc":{"start":{"line":75,"column":13},"end":{"line":75,"column":28}}},"5":{"name":"(anonymous_5)","line":76,"loc":{"start":{"line":76,"column":13},"end":{"line":76,"column":29}}},"6":{"name":"populateAllSinglePlayerStates","line":86,"loc":{"start":{"line":86,"column":0},"end":{"line":86,"column":42}}},"7":{"name":"populateFullGameStates","line":95,"loc":{"start":{"line":95,"column":0},"end":{"line":95,"column":35}}},"8":{"name":"(anonymous_8)","line":102,"loc":{"start":{"line":102,"column":13},"end":{"line":102,"column":28}}},"9":{"name":"(anonymous_9)","line":103,"loc":{"start":{"line":103,"column":13},"end":{"line":103,"column":29}}},"10":{"name":"populateAllFullGameStates","line":113,"loc":{"start":{"line":113,"column":0},"end":{"line":113,"column":38}}},"11":{"name":"populateWinningStates","line":122,"loc":{"start":{"line":122,"column":0},"end":{"line":122,"column":34}}},"12":{"name":"(anonymous_12)","line":132,"loc":{"start":{"line":132,"column":10},"end":{"line":132,"column":24}}},"13":{"name":"(anonymous_13)","line":135,"loc":{"start":{"line":135,"column":13},"end":{"line":135,"column":28}}},"14":{"name":"(anonymous_14)","line":144,"loc":{"start":{"line":144,"column":9},"end":{"line":144,"column":24}}},"15":{"name":"populateMoveGraph","line":149,"loc":{"start":{"line":149,"column":0},"end":{"line":149,"column":43}}}},"statementMap":{"1":{"start":{"line":9,"column":0},"end":{"line":9,"column":29}},"2":{"start":{"line":10,"column":0},"end":{"line":10,"column":37}},"3":{"start":{"line":11,"column":0},"end":{"line":11,"column":29}},"4":{"start":{"line":12,"column":0},"end":{"line":12,"column":29}},"5":{"start":{"line":13,"column":0},"end":{"line":13,"column":35}},"6":{"start":{"line":14,"column":0},"end":{"line":14,"column":45}},"7":{"start":{"line":15,"column":0},"end":{"line":15,"column":37}},"8":{"start":{"line":16,"column":0},"end":{"line":16,"column":35}},"9":{"start":{"line":17,"column":0},"end":{"line":17,"column":51}},"10":{"start":{"line":18,"column":0},"end":{"line":18,"column":36}},"11":{"start":{"line":19,"column":0},"end":{"line":19,"column":38}},"12":{"start":{"line":21,"column":0},"end":{"line":31,"column":0}},"13":{"start":{"line":31,"column":0},"end":{"line":52,"column":1}},"14":{"start":{"line":32,"column":4},"end":{"line":32,"column":21}},"15":{"start":{"line":33,"column":4},"end":{"line":38,"column":5}},"16":{"start":{"line":35,"column":1},"end":{"line":35,"column":47}},"17":{"start":{"line":37,"column":1},"end":{"line":37,"column":53}},"18":{"start":{"line":40,"column":4},"end":{"line":40,"column":46}},"19":{"start":{"line":41,"column":4},"end":{"line":41,"column":46}},"20":{"start":{"line":42,"column":4},"end":{"line":42,"column":46}},"21":{"start":{"line":43,"column":4},"end":{"line":43,"column":47}},"22":{"start":{"line":44,"column":4},"end":{"line":44,"column":47}},"23":{"start":{"line":46,"column":4},"end":{"line":46,"column":46}},"24":{"start":{"line":47,"column":4},"end":{"line":47,"column":46}},"25":{"start":{"line":48,"column":4},"end":{"line":48,"column":46}},"26":{"start":{"line":49,"column":4},"end":{"line":49,"column":46}},"27":{"start":{"line":50,"column":4},"end":{"line":50,"column":47}},"28":{"start":{"line":51,"column":4},"end":{"line":51,"column":19}},"29":{"start":{"line":54,"column":0},"end":{"line":66,"column":1}},"30":{"start":{"line":55,"column":4},"end":{"line":59,"column":3}},"31":{"start":{"line":61,"column":4},"end":{"line":61,"column":44}},"32":{"start":{"line":62,"column":4},"end":{"line":62,"column":44}},"33":{"start":{"line":63,"column":4},"end":{"line":63,"column":44}},"34":{"start":{"line":64,"column":4},"end":{"line":64,"column":44}},"35":{"start":{"line":65,"column":4},"end":{"line":65,"column":17}},"36":{"start":{"line":68,"column":0},"end":{"line":84,"column":1}},"37":{"start":{"line":69,"column":4},"end":{"line":69,"column":20}},"38":{"start":{"line":70,"column":4},"end":{"line":82,"column":5}},"39":{"start":{"line":72,"column":1},"end":{"line":78,"column":8}},"40":{"start":{"line":75,"column":29},"end":{"line":75,"column":47}},"41":{"start":{"line":77,"column":2},"end":{"line":78,"column":5}},"42":{"start":{"line":81,"column":1},"end":{"line":81,"column":37}},"43":{"start":{"line":83,"column":4},"end":{"line":83,"column":18}},"44":{"start":{"line":86,"column":0},"end":{"line":93,"column":1}},"45":{"start":{"line":87,"column":4},"end":{"line":87,"column":46}},"46":{"start":{"line":88,"column":4},"end":{"line":88,"column":32}},"47":{"start":{"line":89,"column":4},"end":{"line":91,"column":5}},"48":{"start":{"line":90,"column":1},"end":{"line":90,"column":67}},"49":{"start":{"line":92,"column":4},"end":{"line":92,"column":30}},"50":{"start":{"line":95,"column":0},"end":{"line":111,"column":1}},"51":{"start":{"line":96,"column":4},"end":{"line":96,"column":20}},"52":{"start":{"line":97,"column":4},"end":{"line":109,"column":5}},"53":{"start":{"line":99,"column":1},"end":{"line":105,"column":8}},"54":{"start":{"line":102,"column":29},"end":{"line":102,"column":47}},"55":{"start":{"line":104,"column":2},"end":{"line":105,"column":5}},"56":{"start":{"line":108,"column":1},"end":{"line":108,"column":37}},"57":{"start":{"line":110,"column":4},"end":{"line":110,"column":18}},"58":{"start":{"line":113,"column":0},"end":{"line":120,"column":1}},"59":{"start":{"line":114,"column":4},"end":{"line":114,"column":42}},"60":{"start":{"line":115,"column":4},"end":{"line":115,"column":32}},"61":{"start":{"line":116,"column":4},"end":{"line":118,"column":5}},"62":{"start":{"line":117,"column":1},"end":{"line":117,"column":67}},"63":{"start":{"line":119,"column":4},"end":{"line":119,"column":30}},"64":{"start":{"line":122,"column":0},"end":{"line":146,"column":1}},"65":{"start":{"line":123,"column":4},"end":{"line":128,"column":3}},"66":{"start":{"line":130,"column":4},"end":{"line":140,"column":5}},"67":{"start":{"line":131,"column":1},"end":{"line":137,"column":8}},"68":{"start":{"line":133,"column":2},"end":{"line":133,"column":18}},"69":{"start":{"line":136,"column":2},"end":{"line":136,"column":15}},"70":{"start":{"line":139,"column":1},"end":{"line":139,"column":26}},"71":{"start":{"line":142,"column":4},"end":{"line":144,"column":46}},"72":{"start":{"line":144,"column":25},"end":{"line":144,"column":43}},"73":{"start":{"line":145,"column":4},"end":{"line":145,"column":25}},"74":{"start":{"line":149,"column":0},"end":{"line":174,"column":1}},"75":{"start":{"line":150,"column":4},"end":{"line":150,"column":19}},"76":{"start":{"line":151,"column":4},"end":{"line":152,"column":9}},"77":{"start":{"line":154,"column":4},"end":{"line":171,"column":5}},"78":{"start":{"line":155,"column":1},"end":{"line":155,"column":20}},"79":{"start":{"line":158,"column":1},"end":{"line":160,"column":2}},"80":{"start":{"line":159,"column":5},"end":{"line":159,"column":14}},"81":{"start":{"line":162,"column":1},"end":{"line":162,"column":40}},"82":{"start":{"line":164,"column":1},"end":{"line":169,"column":2}},"83":{"start":{"line":165,"column":5},"end":{"line":165,"column":44}},"84":{"start":{"line":166,"column":5},"end":{"line":168,"column":6}},"85":{"start":{"line":167,"column":2},"end":{"line":167,"column":29}},"86":{"start":{"line":173,"column":4},"end":{"line":173,"column":17}}},"branchMap":{"1":{"line":158,"type":"if","locations":[{"start":{"line":158,"column":1},"end":{"line":158,"column":1}},{"start":{"line":158,"column":1},"end":{"line":158,"column":1}}]},"2":{"line":166,"type":"if","locations":[{"start":{"line":166,"column":5},"end":{"line":166,"column":5}},{"start":{"line":166,"column":5},"end":{"line":166,"column":5}}]},"3":{"line":166,"type":"binary-expr","locations":[{"start":{"line":166,"column":9},"end":{"line":166,"column":36}},{"start":{"line":166,"column":40},"end":{"line":166,"column":58}}]}}},"/Users/lukealbao/Dropbox/dev/tictactoe/lib/bitboard.js":{"path":"/Users/lukealbao/Dropbox/dev/tictactoe/lib/bitboard.js","s":{"1":1,"2":1,"3":1,"4":14,"5":14,"6":7168,"7":71680,"8":32256,"9":7168,"10":725,"11":14,"12":1,"13":755,"14":1,"15":1510,"16":1510,"17":1510,"18":6795,"19":1510,"20":755,"21":755,"22":755,"23":1,"24":755,"25":755,"26":6795,"27":755,"28":1,"29":6651,"30":6651,"31":106416,"32":106416,"33":9376,"34":6651},"b":{"1":[32256,39424],"2":[725,6443],"3":[9376,97040],"4":[0,6651]},"f":{"1":14,"2":755,"3":1510,"4":755,"5":6651},"fnMap":{"1":{"name":"generateStates","line":17,"loc":{"start":{"line":17,"column":0},"end":{"line":17,"column":30}}},"2":{"name":"addTwoRows","line":36,"loc":{"start":{"line":36,"column":0},"end":{"line":36,"column":27}}},"3":{"name":"addOneRow","line":40,"loc":{"start":{"line":40,"column":4},"end":{"line":40,"column":38}}},"4":{"name":"translate","line":62,"loc":{"start":{"line":62,"column":0},"end":{"line":62,"column":22}}},"5":{"name":"tooManyEdgePoints","line":72,"loc":{"start":{"line":72,"column":0},"end":{"line":72,"column":30}}}},"statementMap":{"1":{"start":{"line":8,"column":0},"end":{"line":8,"column":29}},"2":{"start":{"line":10,"column":0},"end":{"line":15,"column":2}},"3":{"start":{"line":17,"column":0},"end":{"line":34,"column":1}},"4":{"start":{"line":18,"column":4},"end":{"line":18,"column":22}},"5":{"start":{"line":21,"column":4},"end":{"line":31,"column":5}},"6":{"start":{"line":23,"column":1},"end":{"line":27,"column":2}},"7":{"start":{"line":24,"column":5},"end":{"line":26,"column":6}},"8":{"start":{"line":25,"column":2},"end":{"line":25,"column":6}},"9":{"start":{"line":28,"column":1},"end":{"line":30,"column":2}},"10":{"start":{"line":29,"column":5},"end":{"line":29,"column":21}},"11":{"start":{"line":33,"column":4},"end":{"line":33,"column":19}},"12":{"start":{"line":36,"column":0},"end":{"line":60,"column":1}},"13":{"start":{"line":37,"column":4},"end":{"line":37,"column":29}},"14":{"start":{"line":40,"column":4},"end":{"line":52,"column":5}},"15":{"start":{"line":41,"column":1},"end":{"line":43,"column":29}},"16":{"start":{"line":46,"column":1},"end":{"line":46,"column":31}},"17":{"start":{"line":48,"column":1},"end":{"line":50,"column":2}},"18":{"start":{"line":49,"column":5},"end":{"line":49,"column":45}},"19":{"start":{"line":51,"column":1},"end":{"line":51,"column":44}},"20":{"start":{"line":55,"column":4},"end":{"line":55,"column":49}},"21":{"start":{"line":57,"column":4},"end":{"line":57,"column":50}},"22":{"start":{"line":59,"column":4},"end":{"line":59,"column":24}},"23":{"start":{"line":62,"column":0},"end":{"line":70,"column":1}},"24":{"start":{"line":63,"column":4},"end":{"line":64,"column":34}},"25":{"start":{"line":66,"column":4},"end":{"line":68,"column":5}},"26":{"start":{"line":67,"column":1},"end":{"line":67,"column":30}},"27":{"start":{"line":69,"column":4},"end":{"line":69,"column":18}},"28":{"start":{"line":72,"column":0},"end":{"line":88,"column":1}},"29":{"start":{"line":73,"column":4},"end":{"line":79,"column":33}},"30":{"start":{"line":81,"column":4},"end":{"line":86,"column":5}},"31":{"start":{"line":82,"column":1},"end":{"line":82,"column":17}},"32":{"start":{"line":83,"column":1},"end":{"line":85,"column":2}},"33":{"start":{"line":84,"column":5},"end":{"line":84,"column":31}},"34":{"start":{"line":87,"column":4},"end":{"line":87,"column":36}}},"branchMap":{"1":{"line":24,"type":"if","locations":[{"start":{"line":24,"column":5},"end":{"line":24,"column":5}},{"start":{"line":24,"column":5},"end":{"line":24,"column":5}}]},"2":{"line":28,"type":"if","locations":[{"start":{"line":28,"column":1},"end":{"line":28,"column":1}},{"start":{"line":28,"column":1},"end":{"line":28,"column":1}}]},"3":{"line":83,"type":"if","locations":[{"start":{"line":83,"column":1},"end":{"line":83,"column":1}},{"start":{"line":83,"column":1},"end":{"line":83,"column":1}}]},"4":{"line":87,"type":"cond-expr","locations":[{"start":{"line":87,"column":23},"end":{"line":87,"column":27}},{"start":{"line":87,"column":30},"end":{"line":87,"column":35}}]}}},"/Users/lukealbao/Dropbox/dev/tictactoe/lib/util.js":{"path":"/Users/lukealbao/Dropbox/dev/tictactoe/lib/util.js","s":{"1":1,"2":1,"3":20,"4":0,"5":0,"6":20,"7":20,"8":20,"9":20,"10":86,"11":20,"12":1,"13":14,"14":6651,"15":1698,"16":14,"17":1698,"18":14},"b":{"1":[0,20],"2":[0,0],"3":[20,5],"4":[1698,4953]},"f":{"1":20,"2":14},"fnMap":{"1":{"name":"range","line":11,"loc":{"start":{"line":11,"column":0},"end":{"line":11,"column":35}}},"2":{"name":"dedupe","line":28,"loc":{"start":{"line":28,"column":0},"end":{"line":28,"column":21}}}},"statementMap":{"1":{"start":{"line":6,"column":0},"end":{"line":11,"column":0}},"2":{"start":{"line":11,"column":0},"end":{"line":26,"column":1}},"3":{"start":{"line":12,"column":4},"end":{"line":15,"column":5}},"4":{"start":{"line":13,"column":6},"end":{"line":13,"column":24}},"5":{"start":{"line":14,"column":6},"end":{"line":14,"column":16}},"6":{"start":{"line":16,"column":4},"end":{"line":16,"column":21}},"7":{"start":{"line":18,"column":4},"end":{"line":18,"column":63}},"8":{"start":{"line":19,"column":4},"end":{"line":19,"column":30}},"9":{"start":{"line":21,"column":4},"end":{"line":23,"column":5}},"10":{"start":{"line":22,"column":1},"end":{"line":22,"column":20}},"11":{"start":{"line":25,"column":4},"end":{"line":25,"column":17}},"12":{"start":{"line":28,"column":0},"end":{"line":38,"column":1}},"13":{"start":{"line":29,"column":4},"end":{"line":33,"column":5}},"14":{"start":{"line":30,"column":1},"end":{"line":32,"column":2}},"15":{"start":{"line":31,"column":5},"end":{"line":31,"column":34}},"16":{"start":{"line":34,"column":4},"end":{"line":36,"column":5}},"17":{"start":{"line":35,"column":1},"end":{"line":35,"column":42}},"18":{"start":{"line":37,"column":4},"end":{"line":37,"column":15}}},"branchMap":{"1":{"line":12,"type":"if","locations":[{"start":{"line":12,"column":4},"end":{"line":12,"column":4}},{"start":{"line":12,"column":4},"end":{"line":12,"column":4}}]},"2":{"line":13,"type":"binary-expr","locations":[{"start":{"line":13,"column":13},"end":{"line":13,"column":18}},{"start":{"line":13,"column":22},"end":{"line":13,"column":23}}]},"3":{"line":16,"type":"binary-expr","locations":[{"start":{"line":16,"column":11},"end":{"line":16,"column":15}},{"start":{"line":16,"column":19},"end":{"line":16,"column":20}}]},"4":{"line":30,"type":"if","locations":[{"start":{"line":30,"column":1},"end":{"line":30,"column":1}},{"start":{"line":30,"column":1},"end":{"line":30,"column":1}}]}}},"/Users/lukealbao/Dropbox/dev/tictactoe/lib/game.js":{"path":"/Users/lukealbao/Dropbox/dev/tictactoe/lib/game.js","s":{"1":1,"2":1,"3":1,"4":10,"5":10,"6":10,"7":10,"8":10,"9":10,"10":10,"11":1,"12":5,"13":5,"14":5,"15":5,"16":5,"17":5,"18":5,"19":5,"20":5,"21":1},"b":{},"f":{"1":10,"2":5},"fnMap":{"1":{"name":"Player","line":12,"loc":{"start":{"line":12,"column":0},"end":{"line":12,"column":20}}},"2":{"name":"Game","line":23,"loc":{"start":{"line":23,"column":0},"end":{"line":23,"column":34}}}},"statementMap":{"1":{"start":{"line":9,"column":0},"end":{"line":9,"column":31}},"2":{"start":{"line":10,"column":0},"end":{"line":10,"column":23}},"3":{"start":{"line":12,"column":0},"end":{"line":20,"column":1}},"4":{"start":{"line":13,"column":4},"end":{"line":13,"column":17}},"5":{"start":{"line":14,"column":4},"end":{"line":14,"column":18}},"6":{"start":{"line":15,"column":4},"end":{"line":15,"column":28}},"7":{"start":{"line":16,"column":4},"end":{"line":16,"column":28}},"8":{"start":{"line":17,"column":4},"end":{"line":17,"column":28}},"9":{"start":{"line":18,"column":4},"end":{"line":18,"column":19}},"10":{"start":{"line":19,"column":4},"end":{"line":19,"column":27}},"11":{"start":{"line":23,"column":0},"end":{"line":38,"column":1}},"12":{"start":{"line":24,"column":4},"end":{"line":26,"column":16}},"13":{"start":{"line":28,"column":4},"end":{"line":28,"column":29}},"14":{"start":{"line":29,"column":4},"end":{"line":29,"column":29}},"15":{"start":{"line":31,"column":4},"end":{"line":31,"column":20}},"16":{"start":{"line":32,"column":4},"end":{"line":32,"column":18}},"17":{"start":{"line":33,"column":4},"end":{"line":33,"column":23}},"18":{"start":{"line":34,"column":4},"end":{"line":34,"column":23}},"19":{"start":{"line":35,"column":4},"end":{"line":35,"column":22}},"20":{"start":{"line":37,"column":4},"end":{"line":37,"column":27}},"21":{"start":{"line":40,"column":0},"end":{"line":40,"column":22}}},"branchMap":{}},"/Users/lukealbao/Dropbox/dev/tictactoe/lib/game-controller.js":{"path":"/Users/lukealbao/Dropbox/dev/tictactoe/lib/game-controller.js","s":{"1":1,"2":1,"3":1,"4":1,"5":1,"6":1,"7":1,"8":1,"9":1,"10":2,"11":2,"12":2,"13":2,"14":1,"15":1,"16":1,"17":1,"18":1,"19":4,"20":4,"21":4,"22":0,"23":0,"24":4,"25":1,"26":11,"27":11,"28":11,"29":2,"30":2,"31":2,"32":2,"33":9,"34":9,"35":9,"36":9,"37":9,"38":1,"39":1,"40":1,"41":1,"42":8,"43":2,"44":2,"45":2,"46":2,"47":6,"48":1,"49":1,"50":1,"51":1,"52":5,"53":5,"54":5,"55":5,"56":5,"57":1,"58":1,"59":5,"60":5,"61":5,"62":5,"63":5,"64":1,"65":6,"66":1,"67":5,"68":5,"69":5,"70":5,"71":5,"72":1,"73":1,"74":4,"75":4,"76":3,"77":3,"78":3,"79":0,"80":0,"81":3,"82":3,"83":3,"84":3,"85":5,"86":2,"87":2,"88":3,"89":3},"b":{"1":[0,4],"2":[2,9],"3":[11,11,10,9,9],"4":[5,4],"5":[5,4],"6":[1,8],"7":[2,6],"8":[8,7],"9":[1,5],"10":[5,0],"11":[1,4],"12":[6,5],"13":[1,4],"14":[1,0],"15":[0,3],"16":[2,3]},"f":{"1":2,"2":4,"3":4,"4":11,"5":6,"6":5,"7":5,"8":5,"9":4,"10":3,"11":3,"12":3,"13":5},"fnMap":{"1":{"name":"GameController","line":23,"loc":{"start":{"line":23,"column":0},"end":{"line":23,"column":29}}},"2":{"name":"createGame","line":47,"loc":{"start":{"line":47,"column":0},"end":{"line":47,"column":51}}},"3":{"name":"(anonymous_3)","line":49,"loc":{"start":{"line":49,"column":43},"end":{"line":49,"column":63}}},"4":{"name":"submitMove","line":70,"loc":{"start":{"line":70,"column":0},"end":{"line":70,"column":46}}},"5":{"name":"validMove","line":148,"loc":{"start":{"line":148,"column":0},"end":{"line":148,"column":32}}},"6":{"name":"processMoveRequest","line":164,"loc":{"start":{"line":164,"column":0},"end":{"line":164,"column":48}}},"7":{"name":"loadGameState","line":169,"loc":{"start":{"line":169,"column":2},"end":{"line":169,"column":32}}},"8":{"name":"(anonymous_8)","line":170,"loc":{"start":{"line":170,"column":25},"end":{"line":170,"column":44}}},"9":{"name":"submitMove","line":182,"loc":{"start":{"line":182,"column":2},"end":{"line":182,"column":44}}},"10":{"name":"writeGame","line":185,"loc":{"start":{"line":185,"column":2},"end":{"line":185,"column":38}}},"11":{"name":"(anonymous_11)","line":187,"loc":{"start":{"line":187,"column":42},"end":{"line":187,"column":61}}},"12":{"name":"alertOpponent","line":196,"loc":{"start":{"line":196,"column":2},"end":{"line":196,"column":42}}},"13":{"name":"drain","line":203,"loc":{"start":{"line":203,"column":1},"end":{"line":203,"column":32}}}},"statementMap":{"1":{"start":{"line":13,"column":0},"end":{"line":13,"column":32}},"2":{"start":{"line":15,"column":0},"end":{"line":15,"column":33}},"3":{"start":{"line":16,"column":0},"end":{"line":16,"column":43}},"4":{"start":{"line":17,"column":0},"end":{"line":17,"column":51}},"5":{"start":{"line":18,"column":0},"end":{"line":18,"column":41}},"6":{"start":{"line":19,"column":0},"end":{"line":19,"column":41}},"7":{"start":{"line":20,"column":0},"end":{"line":20,"column":29}},"8":{"start":{"line":21,"column":0},"end":{"line":21,"column":29}},"9":{"start":{"line":23,"column":0},"end":{"line":28,"column":1}},"10":{"start":{"line":24,"column":4},"end":{"line":24,"column":17}},"11":{"start":{"line":25,"column":4},"end":{"line":25,"column":41}},"12":{"start":{"line":26,"column":4},"end":{"line":26,"column":49}},"13":{"start":{"line":27,"column":4},"end":{"line":27,"column":39}},"14":{"start":{"line":30,"column":0},"end":{"line":30,"column":49}},"15":{"start":{"line":31,"column":0},"end":{"line":31,"column":47}},"16":{"start":{"line":32,"column":0},"end":{"line":32,"column":65}},"17":{"start":{"line":33,"column":0},"end":{"line":33,"column":49}},"18":{"start":{"line":47,"column":0},"end":{"line":57,"column":1}},"19":{"start":{"line":48,"column":4},"end":{"line":48,"column":44}},"20":{"start":{"line":49,"column":4},"end":{"line":56,"column":7}},"21":{"start":{"line":50,"column":1},"end":{"line":55,"column":2}},"22":{"start":{"line":51,"column":5},"end":{"line":51,"column":19}},"23":{"start":{"line":52,"column":5},"end":{"line":52,"column":12}},"24":{"start":{"line":54,"column":5},"end":{"line":54,"column":26}},"25":{"start":{"line":70,"column":0},"end":{"line":137,"column":1}},"26":{"start":{"line":71,"column":4},"end":{"line":71,"column":38}},"27":{"start":{"line":72,"column":4},"end":{"line":72,"column":27}},"28":{"start":{"line":74,"column":4},"end":{"line":84,"column":5}},"29":{"start":{"line":80,"column":1},"end":{"line":80,"column":36}},"30":{"start":{"line":81,"column":1},"end":{"line":81,"column":44}},"31":{"start":{"line":82,"column":1},"end":{"line":82,"column":20}},"32":{"start":{"line":83,"column":1},"end":{"line":83,"column":8}},"33":{"start":{"line":86,"column":4},"end":{"line":86,"column":32}},"34":{"start":{"line":87,"column":4},"end":{"line":87,"column":46}},"35":{"start":{"line":88,"column":4},"end":{"line":90,"column":21}},"36":{"start":{"line":92,"column":4},"end":{"line":93,"column":17}},"37":{"start":{"line":95,"column":4},"end":{"line":136,"column":5}},"38":{"start":{"line":96,"column":1},"end":{"line":96,"column":33}},"39":{"start":{"line":97,"column":1},"end":{"line":97,"column":46}},"40":{"start":{"line":98,"column":1},"end":{"line":98,"column":20}},"41":{"start":{"line":99,"column":1},"end":{"line":99,"column":8}},"42":{"start":{"line":101,"column":11},"end":{"line":136,"column":5}},"43":{"start":{"line":103,"column":1},"end":{"line":103,"column":33}},"44":{"start":{"line":104,"column":1},"end":{"line":104,"column":49}},"45":{"start":{"line":105,"column":1},"end":{"line":105,"column":20}},"46":{"start":{"line":106,"column":1},"end":{"line":106,"column":8}},"47":{"start":{"line":108,"column":11},"end":{"line":136,"column":5}},"48":{"start":{"line":109,"column":1},"end":{"line":109,"column":33}},"49":{"start":{"line":110,"column":1},"end":{"line":110,"column":53}},"50":{"start":{"line":111,"column":1},"end":{"line":111,"column":20}},"51":{"start":{"line":112,"column":1},"end":{"line":112,"column":8}},"52":{"start":{"line":116,"column":1},"end":{"line":116,"column":42}},"53":{"start":{"line":117,"column":1},"end":{"line":117,"column":36}},"54":{"start":{"line":119,"column":1},"end":{"line":120,"column":38}},"55":{"start":{"line":122,"column":1},"end":{"line":122,"column":45}},"56":{"start":{"line":124,"column":1},"end":{"line":127,"column":2}},"57":{"start":{"line":125,"column":5},"end":{"line":125,"column":29}},"58":{"start":{"line":126,"column":5},"end":{"line":126,"column":26}},"59":{"start":{"line":129,"column":1},"end":{"line":129,"column":20}},"60":{"start":{"line":130,"column":1},"end":{"line":130,"column":22}},"61":{"start":{"line":131,"column":1},"end":{"line":131,"column":32}},"62":{"start":{"line":133,"column":1},"end":{"line":133,"column":26}},"63":{"start":{"line":134,"column":1},"end":{"line":134,"column":8}},"64":{"start":{"line":148,"column":0},"end":{"line":151,"column":1}},"65":{"start":{"line":149,"column":4},"end":{"line":150,"column":47}},"66":{"start":{"line":164,"column":0},"end":{"line":212,"column":1}},"67":{"start":{"line":165,"column":4},"end":{"line":165,"column":26}},"68":{"start":{"line":166,"column":4},"end":{"line":211,"column":4}},"69":{"start":{"line":170,"column":5},"end":{"line":180,"column":8}},"70":{"start":{"line":171,"column":2},"end":{"line":171,"column":12}},"71":{"start":{"line":172,"column":2},"end":{"line":179,"column":3}},"72":{"start":{"line":173,"column":6},"end":{"line":174,"column":24}},"73":{"start":{"line":175,"column":6},"end":{"line":176,"column":24}},"74":{"start":{"line":178,"column":6},"end":{"line":178,"column":43}},"75":{"start":{"line":183,"column":6},"end":{"line":183,"column":49}},"76":{"start":{"line":186,"column":6},"end":{"line":186,"column":51}},"77":{"start":{"line":187,"column":6},"end":{"line":194,"column":9}},"78":{"start":{"line":188,"column":3},"end":{"line":193,"column":4}},"79":{"start":{"line":189,"column":7},"end":{"line":189,"column":63}},"80":{"start":{"line":190,"column":7},"end":{"line":190,"column":22}},"81":{"start":{"line":192,"column":7},"end":{"line":192,"column":28}},"82":{"start":{"line":197,"column":6},"end":{"line":197,"column":59}},"83":{"start":{"line":198,"column":6},"end":{"line":198,"column":35}},"84":{"start":{"line":199,"column":6},"end":{"line":199,"column":27}},"85":{"start":{"line":204,"column":5},"end":{"line":210,"column":6}},"86":{"start":{"line":205,"column":2},"end":{"line":205,"column":16}},"87":{"start":{"line":206,"column":2},"end":{"line":206,"column":9}},"88":{"start":{"line":208,"column":2},"end":{"line":208,"column":27}},"89":{"start":{"line":209,"column":2},"end":{"line":209,"column":9}}},"branchMap":{"1":{"line":50,"type":"if","locations":[{"start":{"line":50,"column":1},"end":{"line":50,"column":1}},{"start":{"line":50,"column":1},"end":{"line":50,"column":1}}]},"2":{"line":74,"type":"if","locations":[{"start":{"line":74,"column":4},"end":{"line":74,"column":4}},{"start":{"line":74,"column":4},"end":{"line":74,"column":4}}]},"3":{"line":74,"type":"binary-expr","locations":[{"start":{"line":74,"column":8},"end":{"line":74,"column":35}},{"start":{"line":75,"column":4},"end":{"line":75,"column":38}},{"start":{"line":76,"column":4},"end":{"line":76,"column":36}},{"start":{"line":77,"column":4},"end":{"line":77,"column":34}},{"start":{"line":78,"column":4},"end":{"line":78,"column":37}}]},"4":{"line":87,"type":"cond-expr","locations":[{"start":{"line":87,"column":36},"end":{"line":87,"column":39}},{"start":{"line":87,"column":42},"end":{"line":87,"column":45}}]},"5":{"line":89,"type":"cond-expr","locations":[{"start":{"line":89,"column":35},"end":{"line":89,"column":52}},{"start":{"line":89,"column":56},"end":{"line":89,"column":57}}]},"6":{"line":95,"type":"if","locations":[{"start":{"line":95,"column":4},"end":{"line":95,"column":4}},{"start":{"line":95,"column":4},"end":{"line":95,"column":4}}]},"7":{"line":101,"type":"if","locations":[{"start":{"line":101,"column":11},"end":{"line":101,"column":11}},{"start":{"line":101,"column":11},"end":{"line":101,"column":11}}]},"8":{"line":101,"type":"binary-expr","locations":[{"start":{"line":101,"column":16},"end":{"line":101,"column":54}},{"start":{"line":102,"column":5},"end":{"line":102,"column":43}}]},"9":{"line":108,"type":"if","locations":[{"start":{"line":108,"column":11},"end":{"line":108,"column":11}},{"start":{"line":108,"column":11},"end":{"line":108,"column":11}}]},"10":{"line":122,"type":"cond-expr","locations":[{"start":{"line":122,"column":34},"end":{"line":122,"column":37}},{"start":{"line":122,"column":40},"end":{"line":122,"column":43}}]},"11":{"line":124,"type":"if","locations":[{"start":{"line":124,"column":1},"end":{"line":124,"column":1}},{"start":{"line":124,"column":1},"end":{"line":124,"column":1}}]},"12":{"line":149,"type":"binary-expr","locations":[{"start":{"line":149,"column":11},"end":{"line":149,"column":49}},{"start":{"line":150,"column":4},"end":{"line":150,"column":46}}]},"13":{"line":172,"type":"if","locations":[{"start":{"line":172,"column":2},"end":{"line":172,"column":2}},{"start":{"line":172,"column":2},"end":{"line":172,"column":2}}]},"14":{"line":173,"type":"cond-expr","locations":[{"start":{"line":173,"column":29},"end":{"line":173,"column":45}},{"start":{"line":174,"column":5},"end":{"line":174,"column":23}}]},"15":{"line":188,"type":"if","locations":[{"start":{"line":188,"column":3},"end":{"line":188,"column":3}},{"start":{"line":188,"column":3},"end":{"line":188,"column":3}}]},"16":{"line":204,"type":"if","locations":[{"start":{"line":204,"column":5},"end":{"line":204,"column":5}},{"start":{"line":204,"column":5},"end":{"line":204,"column":5}}]}}}}