{"/Users/lukealbao/Dropbox/dev/tictactoe/lib/bits.js":{"path":"/Users/lukealbao/Dropbox/dev/tictactoe/lib/bits.js","s":{"1":1,"2":1,"3":2656533,"4":2656533,"5":82352523,"6":4626406,"7":2656533,"8":1,"9":30,"10":30,"11":119,"12":30,"13":1,"14":1485144,"15":1,"16":158060,"17":158060,"18":397665,"19":158060,"20":1,"21":495048,"22":495048,"23":109054,"24":385994,"25":286351,"26":99643},"b":{"1":[4626406,77726117],"2":[1485144,349512],"3":[109054,385994],"4":[109054,5706],"5":[286351,99643]},"f":{"1":2656533,"2":30,"3":119,"4":1485144,"5":158060,"6":495048},"fnMap":{"1":{"name":"getFlags","line":14,"loc":{"start":{"line":14,"column":0},"end":{"line":14,"column":24}}},"2":{"name":"setFlags","line":25,"loc":{"start":{"line":25,"column":0},"end":{"line":25,"column":24}}},"3":{"name":"(anonymous_3)","line":27,"loc":{"start":{"line":27,"column":16},"end":{"line":27,"column":31}}},"4":{"name":"countFlags","line":33,"loc":{"start":{"line":33,"column":0},"end":{"line":33,"column":26}}},"5":{"name":"stringifyBitArray","line":37,"loc":{"start":{"line":37,"column":0},"end":{"line":37,"column":38}}},"6":{"name":"oneStepAway","line":47,"loc":{"start":{"line":47,"column":0},"end":{"line":47,"column":38}}}},"statementMap":{"1":{"start":{"line":6,"column":0},"end":{"line":12,"column":2}},"2":{"start":{"line":14,"column":0},"end":{"line":23,"column":1}},"3":{"start":{"line":15,"column":4},"end":{"line":16,"column":3}},"4":{"start":{"line":17,"column":4},"end":{"line":21,"column":5}},"5":{"start":{"line":18,"column":1},"end":{"line":20,"column":2}},"6":{"start":{"line":19,"column":5},"end":{"line":20,"column":1}},"7":{"start":{"line":22,"column":4},"end":{"line":22,"column":15}},"8":{"start":{"line":25,"column":0},"end":{"line":31,"column":1}},"9":{"start":{"line":26,"column":4},"end":{"line":26,"column":16}},"10":{"start":{"line":27,"column":4},"end":{"line":29,"column":7}},"11":{"start":{"line":28,"column":1},"end":{"line":28,"column":17}},"12":{"start":{"line":30,"column":4},"end":{"line":30,"column":15}},"13":{"start":{"line":33,"column":0},"end":{"line":35,"column":1}},"14":{"start":{"line":34,"column":4},"end":{"line":34,"column":54}},"15":{"start":{"line":37,"column":0},"end":{"line":45,"column":1}},"16":{"start":{"line":38,"column":4},"end":{"line":39,"column":29}},"17":{"start":{"line":41,"column":4},"end":{"line":43,"column":5}},"18":{"start":{"line":42,"column":1},"end":{"line":42,"column":23}},"19":{"start":{"line":44,"column":4},"end":{"line":44,"column":18}},"20":{"start":{"line":47,"column":0},"end":{"line":60,"column":1}},"21":{"start":{"line":48,"column":4},"end":{"line":50,"column":34}},"22":{"start":{"line":52,"column":4},"end":{"line":59,"column":5}},"23":{"start":{"line":53,"column":1},"end":{"line":54,"column":45}},"24":{"start":{"line":55,"column":11},"end":{"line":59,"column":5}},"25":{"start":{"line":56,"column":1},"end":{"line":56,"column":49}},"26":{"start":{"line":58,"column":1},"end":{"line":58,"column":14}}},"branchMap":{"1":{"line":18,"type":"if","locations":[{"start":{"line":18,"column":1},"end":{"line":18,"column":1}},{"start":{"line":18,"column":1},"end":{"line":18,"column":1}}]},"2":{"line":34,"type":"binary-expr","locations":[{"start":{"line":34,"column":12},"end":{"line":34,"column":39}},{"start":{"line":34,"column":43},"end":{"line":34,"column":45}}]},"3":{"line":52,"type":"if","locations":[{"start":{"line":52,"column":4},"end":{"line":52,"column":4}},{"start":{"line":52,"column":4},"end":{"line":52,"column":4}}]},"4":{"line":53,"type":"binary-expr","locations":[{"start":{"line":53,"column":16},"end":{"line":53,"column":44}},{"start":{"line":54,"column":12},"end":{"line":54,"column":43}}]},"5":{"line":55,"type":"if","locations":[{"start":{"line":55,"column":11},"end":{"line":55,"column":11}},{"start":{"line":55,"column":11},"end":{"line":55,"column":11}}]}}},"/Users/lukealbao/Dropbox/dev/tictactoe/lib/ai-controller.js":{"path":"/Users/lukealbao/Dropbox/dev/tictactoe/lib/ai-controller.js","s":{"1":1,"2":1,"3":1,"4":1,"5":1,"6":1,"7":1,"8":1,"9":1,"10":1,"11":1,"12":1,"13":1,"14":1,"15":1,"16":1,"17":1,"18":1,"19":1,"20":0,"21":1,"22":6,"23":6,"24":6,"25":6,"26":67,"27":67,"28":6,"29":6,"30":6,"31":1,"32":96881,"33":78256,"34":1,"35":63431,"36":1,"37":33380,"38":18625,"39":18625,"40":18625,"41":18625,"42":18625,"43":275,"44":18350,"45":96811,"46":96811,"47":96811,"48":96811,"49":31549,"50":18350,"51":1,"52":18636,"53":18636,"54":18636,"55":852893,"56":852893,"57":156289,"58":696604,"59":429709,"60":266895,"61":169958,"62":96937,"63":0,"64":96937,"65":18636,"66":96937,"67":1,"68":78263,"69":78263,"70":78263,"71":78263,"72":644640,"73":644640,"74":644640,"75":644640,"76":8455,"77":8455,"78":636185,"79":636185,"80":78263,"81":59046,"82":19217,"83":1,"84":3,"85":3,"86":3,"87":3,"88":3,"89":3,"90":3,"91":3,"92":3,"93":3,"94":2,"95":2,"96":2,"97":1,"98":3,"99":3,"100":3,"101":1,"102":1,"103":1,"104":1,"105":3},"b":{"1":[0,1],"2":[0,1],"3":[0,1],"4":[6,61],"5":[78256,18625],"6":[4460,14165],"7":[4460,14165],"8":[275,18350],"9":[275,0],"10":[31549,65262],"11":[156289,696604],"12":[429709,266895],"13":[169958,96937],"14":[266895,245754],"15":[0,96937],"16":[8455,636185],"17":[59046,19217],"18":[2,1],"19":[1,2],"20":[1,0]},"f":{"1":1,"2":1,"3":1,"4":6,"5":67,"6":96881,"7":63431,"8":33380,"9":18636,"10":852893,"11":96937,"12":78263,"13":644640,"14":3},"fnMap":{"1":{"name":"(anonymous_1)","line":34,"loc":{"start":{"line":34,"column":23},"end":{"line":34,"column":39}}},"2":{"name":"(anonymous_2)","line":45,"loc":{"start":{"line":45,"column":21},"end":{"line":45,"column":34}}},"3":{"name":"(anonymous_3)","line":49,"loc":{"start":{"line":49,"column":27},"end":{"line":49,"column":47}}},"4":{"name":"calculateMove","line":55,"loc":{"start":{"line":55,"column":0},"end":{"line":55,"column":43}}},"5":{"name":"(anonymous_5)","line":59,"loc":{"start":{"line":59,"column":26},"end":{"line":59,"column":44}}},"6":{"name":"minMax","line":70,"loc":{"start":{"line":70,"column":0},"end":{"line":70,"column":47}}},"7":{"name":"lessThan","line":75,"loc":{"start":{"line":75,"column":4},"end":{"line":75,"column":29}}},"8":{"name":"greaterThan","line":76,"loc":{"start":{"line":76,"column":4},"end":{"line":76,"column":32}}},"9":{"name":"getMoves","line":106,"loc":{"start":{"line":106,"column":0},"end":{"line":106,"column":41}}},"10":{"name":"(anonymous_10)","line":109,"loc":{"start":{"line":109,"column":44},"end":{"line":109,"column":61}}},"11":{"name":"(anonymous_11)","line":132,"loc":{"start":{"line":132,"column":21},"end":{"line":132,"column":37}}},"12":{"name":"score","line":151,"loc":{"start":{"line":151,"column":0},"end":{"line":151,"column":40}}},"13":{"name":"(anonymous_13)","line":156,"loc":{"start":{"line":156,"column":21},"end":{"line":156,"column":39}}},"14":{"name":"prepareMove","line":186,"loc":{"start":{"line":186,"column":0},"end":{"line":186,"column":43}}}},"statementMap":{"1":{"start":{"line":15,"column":0},"end":{"line":21,"column":2}},"2":{"start":{"line":22,"column":0},"end":{"line":22,"column":33}},"3":{"start":{"line":23,"column":0},"end":{"line":23,"column":33}},"4":{"start":{"line":24,"column":0},"end":{"line":24,"column":43}},"5":{"start":{"line":25,"column":0},"end":{"line":25,"column":41}},"6":{"start":{"line":26,"column":0},"end":{"line":26,"column":41}},"7":{"start":{"line":27,"column":0},"end":{"line":27,"column":29}},"8":{"start":{"line":28,"column":0},"end":{"line":28,"column":29}},"9":{"start":{"line":29,"column":0},"end":{"line":29,"column":23}},"10":{"start":{"line":31,"column":0},"end":{"line":31,"column":66}},"11":{"start":{"line":34,"column":0},"end":{"line":43,"column":3}},"12":{"start":{"line":35,"column":4},"end":{"line":35,"column":54}},"13":{"start":{"line":36,"column":4},"end":{"line":36,"column":55}},"14":{"start":{"line":37,"column":4},"end":{"line":40,"column":14}},"15":{"start":{"line":41,"column":4},"end":{"line":41,"column":61}},"16":{"start":{"line":45,"column":0},"end":{"line":47,"column":3}},"17":{"start":{"line":46,"column":4},"end":{"line":46,"column":44}},"18":{"start":{"line":49,"column":0},"end":{"line":53,"column":3}},"19":{"start":{"line":50,"column":4},"end":{"line":52,"column":5}},"20":{"start":{"line":51,"column":1},"end":{"line":51,"column":64}},"21":{"start":{"line":55,"column":0},"end":{"line":68,"column":1}},"22":{"start":{"line":56,"column":4},"end":{"line":56,"column":45}},"23":{"start":{"line":57,"column":4},"end":{"line":57,"column":30}},"24":{"start":{"line":58,"column":4},"end":{"line":58,"column":23}},"25":{"start":{"line":59,"column":4},"end":{"line":65,"column":7}},"26":{"start":{"line":60,"column":1},"end":{"line":60,"column":67}},"27":{"start":{"line":61,"column":1},"end":{"line":64,"column":2}},"28":{"start":{"line":62,"column":5},"end":{"line":62,"column":29}},"29":{"start":{"line":63,"column":5},"end":{"line":63,"column":31}},"30":{"start":{"line":66,"column":4},"end":{"line":66,"column":21}},"31":{"start":{"line":70,"column":0},"end":{"line":98,"column":1}},"32":{"start":{"line":71,"column":4},"end":{"line":73,"column":5}},"33":{"start":{"line":72,"column":1},"end":{"line":72,"column":37}},"34":{"start":{"line":75,"column":4},"end":{"line":75,"column":45}},"35":{"start":{"line":75,"column":31},"end":{"line":75,"column":44}},"36":{"start":{"line":76,"column":4},"end":{"line":76,"column":48}},"37":{"start":{"line":76,"column":34},"end":{"line":76,"column":47}},"38":{"start":{"line":77,"column":4},"end":{"line":77,"column":55}},"39":{"start":{"line":79,"column":4},"end":{"line":79,"column":53}},"40":{"start":{"line":80,"column":4},"end":{"line":80,"column":41}},"41":{"start":{"line":81,"column":4},"end":{"line":81,"column":15}},"42":{"start":{"line":83,"column":4},"end":{"line":85,"column":5}},"43":{"start":{"line":84,"column":1},"end":{"line":84,"column":26}},"44":{"start":{"line":87,"column":4},"end":{"line":96,"column":5}},"45":{"start":{"line":88,"column":1},"end":{"line":88,"column":28}},"46":{"start":{"line":89,"column":1},"end":{"line":89,"column":44}},"47":{"start":{"line":90,"column":1},"end":{"line":91,"column":17}},"48":{"start":{"line":93,"column":1},"end":{"line":95,"column":2}},"49":{"start":{"line":94,"column":5},"end":{"line":94,"column":30}},"50":{"start":{"line":97,"column":4},"end":{"line":97,"column":21}},"51":{"start":{"line":106,"column":0},"end":{"line":137,"column":1}},"52":{"start":{"line":107,"column":4},"end":{"line":107,"column":54}},"53":{"start":{"line":108,"column":4},"end":{"line":108,"column":46}},"54":{"start":{"line":109,"column":4},"end":{"line":130,"column":7}},"55":{"start":{"line":110,"column":1},"end":{"line":110,"column":48}},"56":{"start":{"line":113,"column":1},"end":{"line":115,"column":2}},"57":{"start":{"line":114,"column":5},"end":{"line":114,"column":18}},"58":{"start":{"line":117,"column":1},"end":{"line":119,"column":2}},"59":{"start":{"line":118,"column":5},"end":{"line":118,"column":18}},"60":{"start":{"line":121,"column":1},"end":{"line":123,"column":2}},"61":{"start":{"line":122,"column":5},"end":{"line":122,"column":18}},"62":{"start":{"line":125,"column":1},"end":{"line":129,"column":18}},"63":{"start":{"line":126,"column":5},"end":{"line":126,"column":18}},"64":{"start":{"line":129,"column":6},"end":{"line":129,"column":18}},"65":{"start":{"line":132,"column":4},"end":{"line":136,"column":7}},"66":{"start":{"line":133,"column":1},"end":{"line":136,"column":4}},"67":{"start":{"line":151,"column":0},"end":{"line":180,"column":1}},"68":{"start":{"line":152,"column":4},"end":{"line":152,"column":33}},"69":{"start":{"line":153,"column":4},"end":{"line":153,"column":21}},"70":{"start":{"line":154,"column":4},"end":{"line":154,"column":38}},"71":{"start":{"line":156,"column":4},"end":{"line":173,"column":7}},"72":{"start":{"line":157,"column":1},"end":{"line":157,"column":17}},"73":{"start":{"line":158,"column":1},"end":{"line":158,"column":52}},"74":{"start":{"line":159,"column":1},"end":{"line":159,"column":56}},"75":{"start":{"line":162,"column":1},"end":{"line":165,"column":2}},"76":{"start":{"line":163,"column":5},"end":{"line":163,"column":19}},"77":{"start":{"line":164,"column":5},"end":{"line":164,"column":12}},"78":{"start":{"line":168,"column":1},"end":{"line":170,"column":27}},"79":{"start":{"line":172,"column":1},"end":{"line":172,"column":25}},"80":{"start":{"line":175,"column":4},"end":{"line":179,"column":5}},"81":{"start":{"line":176,"column":1},"end":{"line":177,"column":4}},"82":{"start":{"line":178,"column":1},"end":{"line":178,"column":18}},"83":{"start":{"line":186,"column":0},"end":{"line":223,"column":1}},"84":{"start":{"line":187,"column":4},"end":{"line":187,"column":25}},"85":{"start":{"line":188,"column":4},"end":{"line":188,"column":67}},"86":{"start":{"line":189,"column":4},"end":{"line":189,"column":15}},"87":{"start":{"line":190,"column":4},"end":{"line":190,"column":20}},"88":{"start":{"line":191,"column":4},"end":{"line":191,"column":17}},"89":{"start":{"line":192,"column":4},"end":{"line":192,"column":16}},"90":{"start":{"line":193,"column":4},"end":{"line":193,"column":14}},"91":{"start":{"line":194,"column":4},"end":{"line":194,"column":12}},"92":{"start":{"line":195,"column":4},"end":{"line":195,"column":10}},"93":{"start":{"line":197,"column":4},"end":{"line":215,"column":5}},"94":{"start":{"line":198,"column":1},"end":{"line":198,"column":48}},"95":{"start":{"line":199,"column":1},"end":{"line":199,"column":21}},"96":{"start":{"line":200,"column":1},"end":{"line":200,"column":25}},"97":{"start":{"line":204,"column":1},"end":{"line":213,"column":2}},"98":{"start":{"line":205,"column":5},"end":{"line":205,"column":26}},"99":{"start":{"line":206,"column":5},"end":{"line":206,"column":51}},"100":{"start":{"line":207,"column":5},"end":{"line":212,"column":6}},"101":{"start":{"line":208,"column":2},"end":{"line":208,"column":22}},"102":{"start":{"line":209,"column":2},"end":{"line":209,"column":28}},"103":{"start":{"line":210,"column":2},"end":{"line":210,"column":32}},"104":{"start":{"line":211,"column":2},"end":{"line":211,"column":28}},"105":{"start":{"line":217,"column":4},"end":{"line":222,"column":6}}},"branchMap":{"1":{"line":35,"type":"cond-expr","locations":[{"start":{"line":35,"column":44},"end":{"line":35,"column":47}},{"start":{"line":35,"column":50},"end":{"line":35,"column":53}}]},"2":{"line":36,"type":"cond-expr","locations":[{"start":{"line":36,"column":45},"end":{"line":36,"column":48}},{"start":{"line":36,"column":51},"end":{"line":36,"column":54}}]},"3":{"line":50,"type":"if","locations":[{"start":{"line":50,"column":4},"end":{"line":50,"column":4}},{"start":{"line":50,"column":4},"end":{"line":50,"column":4}}]},"4":{"line":61,"type":"if","locations":[{"start":{"line":61,"column":1},"end":{"line":61,"column":1}},{"start":{"line":61,"column":1},"end":{"line":61,"column":1}}]},"5":{"line":71,"type":"if","locations":[{"start":{"line":71,"column":4},"end":{"line":71,"column":4}},{"start":{"line":71,"column":4},"end":{"line":71,"column":4}}]},"6":{"line":77,"type":"cond-expr","locations":[{"start":{"line":77,"column":32},"end":{"line":77,"column":43}},{"start":{"line":77,"column":46},"end":{"line":77,"column":54}}]},"7":{"line":79,"type":"cond-expr","locations":[{"start":{"line":79,"column":31},"end":{"line":79,"column":40}},{"start":{"line":79,"column":43},"end":{"line":79,"column":52}}]},"8":{"line":83,"type":"if","locations":[{"start":{"line":83,"column":4},"end":{"line":83,"column":4}},{"start":{"line":83,"column":4},"end":{"line":83,"column":4}}]},"9":{"line":84,"type":"cond-expr","locations":[{"start":{"line":84,"column":19},"end":{"line":84,"column":20}},{"start":{"line":84,"column":23},"end":{"line":84,"column":25}}]},"10":{"line":93,"type":"if","locations":[{"start":{"line":93,"column":1},"end":{"line":93,"column":1}},{"start":{"line":93,"column":1},"end":{"line":93,"column":1}}]},"11":{"line":113,"type":"if","locations":[{"start":{"line":113,"column":1},"end":{"line":113,"column":1}},{"start":{"line":113,"column":1},"end":{"line":113,"column":1}}]},"12":{"line":117,"type":"if","locations":[{"start":{"line":117,"column":1},"end":{"line":117,"column":1}},{"start":{"line":117,"column":1},"end":{"line":117,"column":1}}]},"13":{"line":121,"type":"if","locations":[{"start":{"line":121,"column":1},"end":{"line":121,"column":1}},{"start":{"line":121,"column":1},"end":{"line":121,"column":1}}]},"14":{"line":121,"type":"binary-expr","locations":[{"start":{"line":121,"column":5},"end":{"line":121,"column":20}},{"start":{"line":121,"column":24},"end":{"line":121,"column":52}}]},"15":{"line":125,"type":"if","locations":[{"start":{"line":125,"column":1},"end":{"line":125,"column":1}},{"start":{"line":125,"column":1},"end":{"line":125,"column":1}}]},"16":{"line":162,"type":"if","locations":[{"start":{"line":162,"column":1},"end":{"line":162,"column":1}},{"start":{"line":162,"column":1},"end":{"line":162,"column":1}}]},"17":{"line":175,"type":"if","locations":[{"start":{"line":175,"column":4},"end":{"line":175,"column":4}},{"start":{"line":175,"column":4},"end":{"line":175,"column":4}}]},"18":{"line":197,"type":"if","locations":[{"start":{"line":197,"column":4},"end":{"line":197,"column":4}},{"start":{"line":197,"column":4},"end":{"line":197,"column":4}}]},"19":{"line":207,"type":"if","locations":[{"start":{"line":207,"column":5},"end":{"line":207,"column":5}},{"start":{"line":207,"column":5},"end":{"line":207,"column":5}}]},"20":{"line":210,"type":"cond-expr","locations":[{"start":{"line":210,"column":26},"end":{"line":210,"column":27}},{"start":{"line":210,"column":30},"end":{"line":210,"column":31}}]}}},"/Users/lukealbao/Dropbox/dev/tictactoe/lib/struct.js":{"path":"/Users/lukealbao/Dropbox/dev/tictactoe/lib/struct.js","s":{"1":1,"2":1,"3":1,"4":1,"5":1,"6":1,"7":1,"8":1,"9":1,"10":1,"11":1,"12":1,"13":1,"14":78267,"15":78267,"16":704403,"17":78267,"18":1,"19":1,"20":1,"21":1,"22":78265,"23":78265,"24":78265,"25":78265,"26":78265,"27":704385,"28":80584,"29":78265,"30":626120,"31":626120,"32":644672,"33":626120,"34":547855,"35":78265,"36":1,"37":1,"38":1,"39":1,"40":1,"41":1,"42":1,"43":1,"44":2,"45":2,"46":8,"47":260,"48":8,"49":2,"50":1,"51":2,"52":2,"53":2,"54":6,"55":2,"56":1,"57":1,"58":1,"59":6,"60":465,"61":6,"62":1,"63":1,"64":1,"65":1,"66":1,"67":6,"68":1,"69":1,"70":2,"71":2,"72":16,"73":48,"74":32,"75":16,"76":2,"77":14,"78":2,"79":1,"80":1,"81":1,"82":1,"83":728,"84":728,"85":48,"86":680,"87":680,"88":495040,"89":495040,"90":20563,"91":1},"b":{"1":[80584,623801],"2":[48,680],"3":[20563,474477],"4":[495040,20563]},"f":{"1":78267,"2":1,"3":78265,"4":704385,"5":626120,"6":644672,"7":547855,"8":1,"9":2,"10":260,"11":2,"12":1,"13":465,"14":1,"15":2,"16":48,"17":32,"18":14,"19":1},"fnMap":{"1":{"name":"boardMask","line":34,"loc":{"start":{"line":34,"column":0},"end":{"line":34,"column":22}}},"2":{"name":"stages","line":43,"loc":{"start":{"line":43,"column":0},"end":{"line":43,"column":19}}},"3":{"name":"attackVectors","line":52,"loc":{"start":{"line":52,"column":0},"end":{"line":52,"column":35}}},"4":{"name":"(anonymous_4)","line":61,"loc":{"start":{"line":61,"column":23},"end":{"line":61,"column":38}}},"5":{"name":"(anonymous_5)","line":69,"loc":{"start":{"line":69,"column":35},"end":{"line":69,"column":52}}},"6":{"name":"(anonymous_6)","line":71,"loc":{"start":{"line":71,"column":23},"end":{"line":71,"column":38}}},"7":{"name":"(anonymous_7)","line":75,"loc":{"start":{"line":75,"column":14},"end":{"line":75,"column":30}}},"8":{"name":"populateEdges","line":81,"loc":{"start":{"line":81,"column":0},"end":{"line":81,"column":26}}},"9":{"name":"populateSinglePlayerStates","line":95,"loc":{"start":{"line":95,"column":0},"end":{"line":95,"column":39}}},"10":{"name":"(anonymous_10)","line":102,"loc":{"start":{"line":102,"column":13},"end":{"line":102,"column":28}}},"11":{"name":"populateAllSinglePlayerStates","line":112,"loc":{"start":{"line":112,"column":0},"end":{"line":112,"column":42}}},"12":{"name":"populateFullGameStates","line":121,"loc":{"start":{"line":121,"column":0},"end":{"line":121,"column":35}}},"13":{"name":"(anonymous_13)","line":128,"loc":{"start":{"line":128,"column":13},"end":{"line":128,"column":28}}},"14":{"name":"populateAllFullGameStates","line":138,"loc":{"start":{"line":138,"column":0},"end":{"line":138,"column":38}}},"15":{"name":"populateWinningStates","line":147,"loc":{"start":{"line":147,"column":0},"end":{"line":147,"column":34}}},"16":{"name":"(anonymous_16)","line":157,"loc":{"start":{"line":157,"column":10},"end":{"line":157,"column":24}}},"17":{"name":"(anonymous_17)","line":160,"loc":{"start":{"line":160,"column":13},"end":{"line":160,"column":28}}},"18":{"name":"(anonymous_18)","line":170,"loc":{"start":{"line":170,"column":9},"end":{"line":170,"column":24}}},"19":{"name":"populateMoveGraph","line":175,"loc":{"start":{"line":175,"column":0},"end":{"line":175,"column":43}}}},"statementMap":{"1":{"start":{"line":9,"column":0},"end":{"line":9,"column":29}},"2":{"start":{"line":10,"column":0},"end":{"line":10,"column":37}},"3":{"start":{"line":11,"column":0},"end":{"line":11,"column":29}},"4":{"start":{"line":12,"column":0},"end":{"line":12,"column":29}},"5":{"start":{"line":13,"column":0},"end":{"line":13,"column":35}},"6":{"start":{"line":14,"column":0},"end":{"line":14,"column":45}},"7":{"start":{"line":15,"column":0},"end":{"line":15,"column":37}},"8":{"start":{"line":16,"column":0},"end":{"line":16,"column":35}},"9":{"start":{"line":17,"column":0},"end":{"line":17,"column":51}},"10":{"start":{"line":18,"column":0},"end":{"line":18,"column":36}},"11":{"start":{"line":19,"column":0},"end":{"line":19,"column":38}},"12":{"start":{"line":21,"column":0},"end":{"line":34,"column":0}},"13":{"start":{"line":34,"column":0},"end":{"line":40,"column":1}},"14":{"start":{"line":35,"column":4},"end":{"line":35,"column":21}},"15":{"start":{"line":36,"column":4},"end":{"line":38,"column":5}},"16":{"start":{"line":37,"column":1},"end":{"line":37,"column":22}},"17":{"start":{"line":39,"column":4},"end":{"line":39,"column":32}},"18":{"start":{"line":43,"column":0},"end":{"line":43,"column":51}},"19":{"start":{"line":43,"column":20},"end":{"line":43,"column":50}},"20":{"start":{"line":45,"column":0},"end":{"line":50,"column":21}},"21":{"start":{"line":52,"column":0},"end":{"line":80,"column":1}},"22":{"start":{"line":56,"column":4},"end":{"line":56,"column":46}},"23":{"start":{"line":57,"column":4},"end":{"line":57,"column":26}},"24":{"start":{"line":58,"column":4},"end":{"line":58,"column":16}},"25":{"start":{"line":59,"column":4},"end":{"line":59,"column":27}},"26":{"start":{"line":61,"column":4},"end":{"line":65,"column":7}},"27":{"start":{"line":62,"column":1},"end":{"line":64,"column":2}},"28":{"start":{"line":63,"column":5},"end":{"line":63,"column":28}},"29":{"start":{"line":69,"column":4},"end":{"line":77,"column":7}},"30":{"start":{"line":70,"column":1},"end":{"line":70,"column":12}},"31":{"start":{"line":71,"column":1},"end":{"line":73,"column":4}},"32":{"start":{"line":72,"column":5},"end":{"line":72,"column":26}},"33":{"start":{"line":74,"column":1},"end":{"line":74,"column":10}},"34":{"start":{"line":76,"column":1},"end":{"line":76,"column":20}},"35":{"start":{"line":79,"column":4},"end":{"line":79,"column":19}},"36":{"start":{"line":81,"column":0},"end":{"line":93,"column":1}},"37":{"start":{"line":82,"column":4},"end":{"line":86,"column":3}},"38":{"start":{"line":88,"column":4},"end":{"line":88,"column":44}},"39":{"start":{"line":89,"column":4},"end":{"line":89,"column":44}},"40":{"start":{"line":90,"column":4},"end":{"line":90,"column":44}},"41":{"start":{"line":91,"column":4},"end":{"line":91,"column":44}},"42":{"start":{"line":92,"column":4},"end":{"line":92,"column":17}},"43":{"start":{"line":95,"column":0},"end":{"line":110,"column":1}},"44":{"start":{"line":96,"column":4},"end":{"line":96,"column":20}},"45":{"start":{"line":97,"column":4},"end":{"line":108,"column":5}},"46":{"start":{"line":99,"column":1},"end":{"line":104,"column":8}},"47":{"start":{"line":103,"column":2},"end":{"line":103,"column":21}},"48":{"start":{"line":107,"column":1},"end":{"line":107,"column":37}},"49":{"start":{"line":109,"column":4},"end":{"line":109,"column":18}},"50":{"start":{"line":112,"column":0},"end":{"line":119,"column":1}},"51":{"start":{"line":113,"column":4},"end":{"line":113,"column":46}},"52":{"start":{"line":114,"column":4},"end":{"line":114,"column":32}},"53":{"start":{"line":115,"column":4},"end":{"line":117,"column":5}},"54":{"start":{"line":116,"column":1},"end":{"line":116,"column":67}},"55":{"start":{"line":118,"column":4},"end":{"line":118,"column":30}},"56":{"start":{"line":121,"column":0},"end":{"line":136,"column":1}},"57":{"start":{"line":122,"column":4},"end":{"line":122,"column":20}},"58":{"start":{"line":123,"column":4},"end":{"line":134,"column":5}},"59":{"start":{"line":125,"column":1},"end":{"line":130,"column":8}},"60":{"start":{"line":129,"column":2},"end":{"line":129,"column":21}},"61":{"start":{"line":133,"column":1},"end":{"line":133,"column":37}},"62":{"start":{"line":135,"column":4},"end":{"line":135,"column":18}},"63":{"start":{"line":138,"column":0},"end":{"line":145,"column":1}},"64":{"start":{"line":139,"column":4},"end":{"line":139,"column":42}},"65":{"start":{"line":140,"column":4},"end":{"line":140,"column":32}},"66":{"start":{"line":141,"column":4},"end":{"line":143,"column":5}},"67":{"start":{"line":142,"column":1},"end":{"line":142,"column":67}},"68":{"start":{"line":144,"column":4},"end":{"line":144,"column":30}},"69":{"start":{"line":147,"column":0},"end":{"line":172,"column":1}},"70":{"start":{"line":148,"column":4},"end":{"line":153,"column":3}},"71":{"start":{"line":155,"column":4},"end":{"line":165,"column":5}},"72":{"start":{"line":156,"column":1},"end":{"line":162,"column":8}},"73":{"start":{"line":158,"column":2},"end":{"line":158,"column":18}},"74":{"start":{"line":161,"column":2},"end":{"line":161,"column":15}},"75":{"start":{"line":164,"column":1},"end":{"line":164,"column":26}},"76":{"start":{"line":167,"column":4},"end":{"line":170,"column":46}},"77":{"start":{"line":170,"column":25},"end":{"line":170,"column":43}},"78":{"start":{"line":171,"column":4},"end":{"line":171,"column":25}},"79":{"start":{"line":175,"column":0},"end":{"line":200,"column":1}},"80":{"start":{"line":176,"column":4},"end":{"line":176,"column":19}},"81":{"start":{"line":177,"column":4},"end":{"line":178,"column":9}},"82":{"start":{"line":180,"column":4},"end":{"line":197,"column":5}},"83":{"start":{"line":181,"column":1},"end":{"line":181,"column":20}},"84":{"start":{"line":184,"column":1},"end":{"line":186,"column":2}},"85":{"start":{"line":185,"column":5},"end":{"line":185,"column":14}},"86":{"start":{"line":188,"column":1},"end":{"line":188,"column":40}},"87":{"start":{"line":190,"column":1},"end":{"line":195,"column":2}},"88":{"start":{"line":191,"column":5},"end":{"line":191,"column":44}},"89":{"start":{"line":192,"column":5},"end":{"line":194,"column":6}},"90":{"start":{"line":193,"column":2},"end":{"line":193,"column":29}},"91":{"start":{"line":199,"column":4},"end":{"line":199,"column":17}}},"branchMap":{"1":{"line":62,"type":"if","locations":[{"start":{"line":62,"column":1},"end":{"line":62,"column":1}},{"start":{"line":62,"column":1},"end":{"line":62,"column":1}}]},"2":{"line":184,"type":"if","locations":[{"start":{"line":184,"column":1},"end":{"line":184,"column":1}},{"start":{"line":184,"column":1},"end":{"line":184,"column":1}}]},"3":{"line":192,"type":"if","locations":[{"start":{"line":192,"column":5},"end":{"line":192,"column":5}},{"start":{"line":192,"column":5},"end":{"line":192,"column":5}}]},"4":{"line":192,"type":"binary-expr","locations":[{"start":{"line":192,"column":9},"end":{"line":192,"column":36}},{"start":{"line":192,"column":40},"end":{"line":192,"column":58}}]}}},"/Users/lukealbao/Dropbox/dev/tictactoe/lib/bitboard.js":{"path":"/Users/lukealbao/Dropbox/dev/tictactoe/lib/bitboard.js","s":{"1":1,"2":1,"3":1,"4":14,"5":14,"6":7168,"7":71680,"8":32256,"9":7168,"10":725,"11":14,"12":1,"13":79030,"14":1,"15":158060,"16":158060,"17":158060,"18":711270,"19":158060,"20":79030,"21":79030,"22":79030,"23":1,"24":756,"25":756,"26":6804,"27":756},"b":{"1":[32256,39424],"2":[725,6443]},"f":{"1":14,"2":79030,"3":158060,"4":756},"fnMap":{"1":{"name":"generateStates","line":17,"loc":{"start":{"line":17,"column":0},"end":{"line":17,"column":30}}},"2":{"name":"addTwoRows","line":37,"loc":{"start":{"line":37,"column":0},"end":{"line":37,"column":27}}},"3":{"name":"addOneRow","line":41,"loc":{"start":{"line":41,"column":4},"end":{"line":41,"column":38}}},"4":{"name":"translate","line":64,"loc":{"start":{"line":64,"column":0},"end":{"line":64,"column":22}}}},"statementMap":{"1":{"start":{"line":8,"column":0},"end":{"line":8,"column":29}},"2":{"start":{"line":10,"column":0},"end":{"line":14,"column":2}},"3":{"start":{"line":17,"column":0},"end":{"line":34,"column":1}},"4":{"start":{"line":18,"column":4},"end":{"line":18,"column":22}},"5":{"start":{"line":21,"column":4},"end":{"line":31,"column":5}},"6":{"start":{"line":23,"column":1},"end":{"line":27,"column":2}},"7":{"start":{"line":24,"column":5},"end":{"line":26,"column":6}},"8":{"start":{"line":25,"column":2},"end":{"line":25,"column":6}},"9":{"start":{"line":28,"column":1},"end":{"line":30,"column":2}},"10":{"start":{"line":29,"column":5},"end":{"line":29,"column":21}},"11":{"start":{"line":33,"column":4},"end":{"line":33,"column":19}},"12":{"start":{"line":37,"column":0},"end":{"line":61,"column":1}},"13":{"start":{"line":38,"column":4},"end":{"line":38,"column":29}},"14":{"start":{"line":41,"column":4},"end":{"line":53,"column":5}},"15":{"start":{"line":42,"column":1},"end":{"line":44,"column":29}},"16":{"start":{"line":47,"column":1},"end":{"line":47,"column":31}},"17":{"start":{"line":49,"column":1},"end":{"line":51,"column":2}},"18":{"start":{"line":50,"column":5},"end":{"line":50,"column":45}},"19":{"start":{"line":52,"column":1},"end":{"line":52,"column":44}},"20":{"start":{"line":56,"column":4},"end":{"line":56,"column":49}},"21":{"start":{"line":58,"column":4},"end":{"line":58,"column":50}},"22":{"start":{"line":60,"column":4},"end":{"line":60,"column":24}},"23":{"start":{"line":64,"column":0},"end":{"line":72,"column":1}},"24":{"start":{"line":65,"column":4},"end":{"line":66,"column":34}},"25":{"start":{"line":68,"column":4},"end":{"line":70,"column":5}},"26":{"start":{"line":69,"column":1},"end":{"line":69,"column":30}},"27":{"start":{"line":71,"column":4},"end":{"line":71,"column":18}}},"branchMap":{"1":{"line":24,"type":"if","locations":[{"start":{"line":24,"column":5},"end":{"line":24,"column":5}},{"start":{"line":24,"column":5},"end":{"line":24,"column":5}}]},"2":{"line":28,"type":"if","locations":[{"start":{"line":28,"column":1},"end":{"line":28,"column":1}},{"start":{"line":28,"column":1},"end":{"line":28,"column":1}}]}}},"/Users/lukealbao/Dropbox/dev/tictactoe/lib/util.js":{"path":"/Users/lukealbao/Dropbox/dev/tictactoe/lib/util.js","s":{"1":1,"2":1,"3":0,"4":0,"5":0,"6":0,"7":0,"8":0,"9":0,"10":0,"11":0,"12":1,"13":14,"14":6651,"15":1698,"16":14,"17":1698,"18":14},"b":{"1":[0,0],"2":[0,0],"3":[0,0],"4":[1698,4953]},"f":{"1":0,"2":14},"fnMap":{"1":{"name":"range","line":11,"loc":{"start":{"line":11,"column":0},"end":{"line":11,"column":35}}},"2":{"name":"dedupe","line":28,"loc":{"start":{"line":28,"column":0},"end":{"line":28,"column":21}}}},"statementMap":{"1":{"start":{"line":6,"column":0},"end":{"line":11,"column":0}},"2":{"start":{"line":11,"column":0},"end":{"line":26,"column":1}},"3":{"start":{"line":12,"column":4},"end":{"line":15,"column":5}},"4":{"start":{"line":13,"column":6},"end":{"line":13,"column":24}},"5":{"start":{"line":14,"column":6},"end":{"line":14,"column":16}},"6":{"start":{"line":16,"column":4},"end":{"line":16,"column":21}},"7":{"start":{"line":18,"column":4},"end":{"line":18,"column":63}},"8":{"start":{"line":19,"column":4},"end":{"line":19,"column":30}},"9":{"start":{"line":21,"column":4},"end":{"line":23,"column":5}},"10":{"start":{"line":22,"column":1},"end":{"line":22,"column":20}},"11":{"start":{"line":25,"column":4},"end":{"line":25,"column":17}},"12":{"start":{"line":28,"column":0},"end":{"line":38,"column":1}},"13":{"start":{"line":29,"column":4},"end":{"line":33,"column":5}},"14":{"start":{"line":30,"column":1},"end":{"line":32,"column":2}},"15":{"start":{"line":31,"column":5},"end":{"line":31,"column":34}},"16":{"start":{"line":34,"column":4},"end":{"line":36,"column":5}},"17":{"start":{"line":35,"column":1},"end":{"line":35,"column":42}},"18":{"start":{"line":37,"column":4},"end":{"line":37,"column":15}}},"branchMap":{"1":{"line":12,"type":"if","locations":[{"start":{"line":12,"column":4},"end":{"line":12,"column":4}},{"start":{"line":12,"column":4},"end":{"line":12,"column":4}}]},"2":{"line":13,"type":"binary-expr","locations":[{"start":{"line":13,"column":13},"end":{"line":13,"column":18}},{"start":{"line":13,"column":22},"end":{"line":13,"column":23}}]},"3":{"line":16,"type":"binary-expr","locations":[{"start":{"line":16,"column":11},"end":{"line":16,"column":15}},{"start":{"line":16,"column":19},"end":{"line":16,"column":20}}]},"4":{"line":30,"type":"if","locations":[{"start":{"line":30,"column":1},"end":{"line":30,"column":1}},{"start":{"line":30,"column":1},"end":{"line":30,"column":1}}]}}},"/Users/lukealbao/Dropbox/dev/tictactoe/lib/game.js":{"path":"/Users/lukealbao/Dropbox/dev/tictactoe/lib/game.js","s":{"1":1,"2":1,"3":1,"4":10,"5":10,"6":10,"7":10,"8":10,"9":10,"10":10,"11":1,"12":5,"13":5,"14":5,"15":5,"16":5,"17":5,"18":5,"19":5,"20":5,"21":1},"b":{},"f":{"1":10,"2":5},"fnMap":{"1":{"name":"Player","line":12,"loc":{"start":{"line":12,"column":0},"end":{"line":12,"column":20}}},"2":{"name":"Game","line":23,"loc":{"start":{"line":23,"column":0},"end":{"line":23,"column":34}}}},"statementMap":{"1":{"start":{"line":9,"column":0},"end":{"line":9,"column":31}},"2":{"start":{"line":10,"column":0},"end":{"line":10,"column":23}},"3":{"start":{"line":12,"column":0},"end":{"line":20,"column":1}},"4":{"start":{"line":13,"column":4},"end":{"line":13,"column":17}},"5":{"start":{"line":14,"column":4},"end":{"line":14,"column":18}},"6":{"start":{"line":15,"column":4},"end":{"line":15,"column":28}},"7":{"start":{"line":16,"column":4},"end":{"line":16,"column":28}},"8":{"start":{"line":17,"column":4},"end":{"line":17,"column":28}},"9":{"start":{"line":18,"column":4},"end":{"line":18,"column":19}},"10":{"start":{"line":19,"column":4},"end":{"line":19,"column":27}},"11":{"start":{"line":23,"column":0},"end":{"line":38,"column":1}},"12":{"start":{"line":24,"column":4},"end":{"line":26,"column":16}},"13":{"start":{"line":28,"column":4},"end":{"line":28,"column":29}},"14":{"start":{"line":29,"column":4},"end":{"line":29,"column":29}},"15":{"start":{"line":31,"column":4},"end":{"line":31,"column":20}},"16":{"start":{"line":32,"column":4},"end":{"line":32,"column":18}},"17":{"start":{"line":33,"column":4},"end":{"line":33,"column":23}},"18":{"start":{"line":34,"column":4},"end":{"line":34,"column":23}},"19":{"start":{"line":35,"column":4},"end":{"line":35,"column":22}},"20":{"start":{"line":37,"column":4},"end":{"line":37,"column":27}},"21":{"start":{"line":40,"column":0},"end":{"line":40,"column":22}}},"branchMap":{}},"/Users/lukealbao/Dropbox/dev/tictactoe/lib/game-controller.js":{"path":"/Users/lukealbao/Dropbox/dev/tictactoe/lib/game-controller.js","s":{"1":1,"2":1,"3":1,"4":1,"5":1,"6":1,"7":1,"8":1,"9":1,"10":2,"11":2,"12":2,"13":2,"14":1,"15":1,"16":1,"17":1,"18":1,"19":4,"20":4,"21":4,"22":0,"23":0,"24":4,"25":1,"26":12,"27":12,"28":12,"29":2,"30":2,"31":2,"32":2,"33":10,"34":10,"35":10,"36":10,"37":10,"38":1,"39":1,"40":1,"41":1,"42":9,"43":2,"44":2,"45":2,"46":2,"47":7,"48":1,"49":1,"50":1,"51":1,"52":6,"53":6,"54":6,"55":6,"56":6,"57":1,"58":1,"59":6,"60":6,"61":6,"62":6,"63":6,"64":1,"65":7,"66":1,"67":6,"68":6,"69":6,"70":6,"71":6,"72":1,"73":1,"74":5,"75":5,"76":4,"77":4,"78":4,"79":0,"80":0,"81":4,"82":4,"83":4,"84":4,"85":6,"86":2,"87":2,"88":4,"89":4},"b":{"1":[0,4],"2":[2,10],"3":[12,12,11,10,10],"4":[5,5],"5":[5,5],"6":[1,9],"7":[2,7],"8":[9,8],"9":[1,6],"10":[5,1],"11":[1,5],"12":[7,6],"13":[1,5],"14":[1,0],"15":[0,4],"16":[2,4]},"f":{"1":2,"2":4,"3":4,"4":12,"5":7,"6":6,"7":6,"8":6,"9":5,"10":4,"11":4,"12":4,"13":6},"fnMap":{"1":{"name":"GameController","line":23,"loc":{"start":{"line":23,"column":0},"end":{"line":23,"column":29}}},"2":{"name":"createGame","line":47,"loc":{"start":{"line":47,"column":0},"end":{"line":47,"column":51}}},"3":{"name":"(anonymous_3)","line":49,"loc":{"start":{"line":49,"column":43},"end":{"line":49,"column":63}}},"4":{"name":"submitMove","line":70,"loc":{"start":{"line":70,"column":0},"end":{"line":70,"column":46}}},"5":{"name":"validMove","line":148,"loc":{"start":{"line":148,"column":0},"end":{"line":148,"column":32}}},"6":{"name":"processMoveRequest","line":164,"loc":{"start":{"line":164,"column":0},"end":{"line":164,"column":48}}},"7":{"name":"loadGameState","line":169,"loc":{"start":{"line":169,"column":2},"end":{"line":169,"column":32}}},"8":{"name":"(anonymous_8)","line":170,"loc":{"start":{"line":170,"column":25},"end":{"line":170,"column":44}}},"9":{"name":"submitMove","line":182,"loc":{"start":{"line":182,"column":2},"end":{"line":182,"column":44}}},"10":{"name":"writeGame","line":185,"loc":{"start":{"line":185,"column":2},"end":{"line":185,"column":38}}},"11":{"name":"(anonymous_11)","line":187,"loc":{"start":{"line":187,"column":42},"end":{"line":187,"column":61}}},"12":{"name":"alertOpponent","line":196,"loc":{"start":{"line":196,"column":2},"end":{"line":196,"column":42}}},"13":{"name":"drain","line":203,"loc":{"start":{"line":203,"column":1},"end":{"line":203,"column":32}}}},"statementMap":{"1":{"start":{"line":13,"column":0},"end":{"line":13,"column":32}},"2":{"start":{"line":15,"column":0},"end":{"line":15,"column":33}},"3":{"start":{"line":16,"column":0},"end":{"line":16,"column":43}},"4":{"start":{"line":17,"column":0},"end":{"line":17,"column":51}},"5":{"start":{"line":18,"column":0},"end":{"line":18,"column":41}},"6":{"start":{"line":19,"column":0},"end":{"line":19,"column":41}},"7":{"start":{"line":20,"column":0},"end":{"line":20,"column":29}},"8":{"start":{"line":21,"column":0},"end":{"line":21,"column":29}},"9":{"start":{"line":23,"column":0},"end":{"line":28,"column":1}},"10":{"start":{"line":24,"column":4},"end":{"line":24,"column":17}},"11":{"start":{"line":25,"column":4},"end":{"line":25,"column":41}},"12":{"start":{"line":26,"column":4},"end":{"line":26,"column":49}},"13":{"start":{"line":27,"column":4},"end":{"line":27,"column":39}},"14":{"start":{"line":30,"column":0},"end":{"line":30,"column":49}},"15":{"start":{"line":31,"column":0},"end":{"line":31,"column":47}},"16":{"start":{"line":32,"column":0},"end":{"line":32,"column":65}},"17":{"start":{"line":33,"column":0},"end":{"line":33,"column":49}},"18":{"start":{"line":47,"column":0},"end":{"line":57,"column":1}},"19":{"start":{"line":48,"column":4},"end":{"line":48,"column":44}},"20":{"start":{"line":49,"column":4},"end":{"line":56,"column":7}},"21":{"start":{"line":50,"column":1},"end":{"line":55,"column":2}},"22":{"start":{"line":51,"column":5},"end":{"line":51,"column":19}},"23":{"start":{"line":52,"column":5},"end":{"line":52,"column":12}},"24":{"start":{"line":54,"column":5},"end":{"line":54,"column":26}},"25":{"start":{"line":70,"column":0},"end":{"line":137,"column":1}},"26":{"start":{"line":71,"column":4},"end":{"line":71,"column":38}},"27":{"start":{"line":72,"column":4},"end":{"line":72,"column":27}},"28":{"start":{"line":74,"column":4},"end":{"line":84,"column":5}},"29":{"start":{"line":80,"column":1},"end":{"line":80,"column":36}},"30":{"start":{"line":81,"column":1},"end":{"line":81,"column":44}},"31":{"start":{"line":82,"column":1},"end":{"line":82,"column":20}},"32":{"start":{"line":83,"column":1},"end":{"line":83,"column":8}},"33":{"start":{"line":86,"column":4},"end":{"line":86,"column":32}},"34":{"start":{"line":87,"column":4},"end":{"line":87,"column":46}},"35":{"start":{"line":88,"column":4},"end":{"line":90,"column":21}},"36":{"start":{"line":92,"column":4},"end":{"line":93,"column":17}},"37":{"start":{"line":95,"column":4},"end":{"line":136,"column":5}},"38":{"start":{"line":96,"column":1},"end":{"line":96,"column":33}},"39":{"start":{"line":97,"column":1},"end":{"line":97,"column":46}},"40":{"start":{"line":98,"column":1},"end":{"line":98,"column":20}},"41":{"start":{"line":99,"column":1},"end":{"line":99,"column":8}},"42":{"start":{"line":101,"column":11},"end":{"line":136,"column":5}},"43":{"start":{"line":103,"column":1},"end":{"line":103,"column":33}},"44":{"start":{"line":104,"column":1},"end":{"line":104,"column":49}},"45":{"start":{"line":105,"column":1},"end":{"line":105,"column":20}},"46":{"start":{"line":106,"column":1},"end":{"line":106,"column":8}},"47":{"start":{"line":108,"column":11},"end":{"line":136,"column":5}},"48":{"start":{"line":109,"column":1},"end":{"line":109,"column":33}},"49":{"start":{"line":110,"column":1},"end":{"line":110,"column":53}},"50":{"start":{"line":111,"column":1},"end":{"line":111,"column":20}},"51":{"start":{"line":112,"column":1},"end":{"line":112,"column":8}},"52":{"start":{"line":116,"column":1},"end":{"line":116,"column":42}},"53":{"start":{"line":117,"column":1},"end":{"line":117,"column":36}},"54":{"start":{"line":119,"column":1},"end":{"line":120,"column":38}},"55":{"start":{"line":122,"column":1},"end":{"line":122,"column":45}},"56":{"start":{"line":124,"column":1},"end":{"line":127,"column":2}},"57":{"start":{"line":125,"column":5},"end":{"line":125,"column":29}},"58":{"start":{"line":126,"column":5},"end":{"line":126,"column":26}},"59":{"start":{"line":129,"column":1},"end":{"line":129,"column":20}},"60":{"start":{"line":130,"column":1},"end":{"line":130,"column":22}},"61":{"start":{"line":131,"column":1},"end":{"line":131,"column":32}},"62":{"start":{"line":133,"column":1},"end":{"line":133,"column":26}},"63":{"start":{"line":134,"column":1},"end":{"line":134,"column":8}},"64":{"start":{"line":148,"column":0},"end":{"line":151,"column":1}},"65":{"start":{"line":149,"column":4},"end":{"line":150,"column":47}},"66":{"start":{"line":164,"column":0},"end":{"line":212,"column":1}},"67":{"start":{"line":165,"column":4},"end":{"line":165,"column":26}},"68":{"start":{"line":166,"column":4},"end":{"line":211,"column":4}},"69":{"start":{"line":170,"column":5},"end":{"line":180,"column":8}},"70":{"start":{"line":171,"column":2},"end":{"line":171,"column":12}},"71":{"start":{"line":172,"column":2},"end":{"line":179,"column":3}},"72":{"start":{"line":173,"column":6},"end":{"line":174,"column":24}},"73":{"start":{"line":175,"column":6},"end":{"line":176,"column":24}},"74":{"start":{"line":178,"column":6},"end":{"line":178,"column":43}},"75":{"start":{"line":183,"column":6},"end":{"line":183,"column":49}},"76":{"start":{"line":186,"column":6},"end":{"line":186,"column":51}},"77":{"start":{"line":187,"column":6},"end":{"line":194,"column":9}},"78":{"start":{"line":188,"column":3},"end":{"line":193,"column":4}},"79":{"start":{"line":189,"column":7},"end":{"line":189,"column":63}},"80":{"start":{"line":190,"column":7},"end":{"line":190,"column":22}},"81":{"start":{"line":192,"column":7},"end":{"line":192,"column":28}},"82":{"start":{"line":197,"column":6},"end":{"line":197,"column":59}},"83":{"start":{"line":198,"column":6},"end":{"line":198,"column":35}},"84":{"start":{"line":199,"column":6},"end":{"line":199,"column":27}},"85":{"start":{"line":204,"column":5},"end":{"line":210,"column":6}},"86":{"start":{"line":205,"column":2},"end":{"line":205,"column":16}},"87":{"start":{"line":206,"column":2},"end":{"line":206,"column":9}},"88":{"start":{"line":208,"column":2},"end":{"line":208,"column":27}},"89":{"start":{"line":209,"column":2},"end":{"line":209,"column":9}}},"branchMap":{"1":{"line":50,"type":"if","locations":[{"start":{"line":50,"column":1},"end":{"line":50,"column":1}},{"start":{"line":50,"column":1},"end":{"line":50,"column":1}}]},"2":{"line":74,"type":"if","locations":[{"start":{"line":74,"column":4},"end":{"line":74,"column":4}},{"start":{"line":74,"column":4},"end":{"line":74,"column":4}}]},"3":{"line":74,"type":"binary-expr","locations":[{"start":{"line":74,"column":8},"end":{"line":74,"column":35}},{"start":{"line":75,"column":4},"end":{"line":75,"column":38}},{"start":{"line":76,"column":4},"end":{"line":76,"column":36}},{"start":{"line":77,"column":4},"end":{"line":77,"column":34}},{"start":{"line":78,"column":4},"end":{"line":78,"column":37}}]},"4":{"line":87,"type":"cond-expr","locations":[{"start":{"line":87,"column":36},"end":{"line":87,"column":39}},{"start":{"line":87,"column":42},"end":{"line":87,"column":45}}]},"5":{"line":89,"type":"cond-expr","locations":[{"start":{"line":89,"column":35},"end":{"line":89,"column":52}},{"start":{"line":89,"column":56},"end":{"line":89,"column":57}}]},"6":{"line":95,"type":"if","locations":[{"start":{"line":95,"column":4},"end":{"line":95,"column":4}},{"start":{"line":95,"column":4},"end":{"line":95,"column":4}}]},"7":{"line":101,"type":"if","locations":[{"start":{"line":101,"column":11},"end":{"line":101,"column":11}},{"start":{"line":101,"column":11},"end":{"line":101,"column":11}}]},"8":{"line":101,"type":"binary-expr","locations":[{"start":{"line":101,"column":16},"end":{"line":101,"column":54}},{"start":{"line":102,"column":5},"end":{"line":102,"column":43}}]},"9":{"line":108,"type":"if","locations":[{"start":{"line":108,"column":11},"end":{"line":108,"column":11}},{"start":{"line":108,"column":11},"end":{"line":108,"column":11}}]},"10":{"line":122,"type":"cond-expr","locations":[{"start":{"line":122,"column":34},"end":{"line":122,"column":37}},{"start":{"line":122,"column":40},"end":{"line":122,"column":43}}]},"11":{"line":124,"type":"if","locations":[{"start":{"line":124,"column":1},"end":{"line":124,"column":1}},{"start":{"line":124,"column":1},"end":{"line":124,"column":1}}]},"12":{"line":149,"type":"binary-expr","locations":[{"start":{"line":149,"column":11},"end":{"line":149,"column":49}},{"start":{"line":150,"column":4},"end":{"line":150,"column":46}}]},"13":{"line":172,"type":"if","locations":[{"start":{"line":172,"column":2},"end":{"line":172,"column":2}},{"start":{"line":172,"column":2},"end":{"line":172,"column":2}}]},"14":{"line":173,"type":"cond-expr","locations":[{"start":{"line":173,"column":29},"end":{"line":173,"column":45}},{"start":{"line":174,"column":5},"end":{"line":174,"column":23}}]},"15":{"line":188,"type":"if","locations":[{"start":{"line":188,"column":3},"end":{"line":188,"column":3}},{"start":{"line":188,"column":3},"end":{"line":188,"column":3}}]},"16":{"line":204,"type":"if","locations":[{"start":{"line":204,"column":5},"end":{"line":204,"column":5}},{"start":{"line":204,"column":5},"end":{"line":204,"column":5}}]}}},"/Users/lukealbao/Dropbox/dev/tictactoe/lib/move-tree.js":{"path":"/Users/lukealbao/Dropbox/dev/tictactoe/lib/move-tree.js","s":{"1":1,"2":1,"3":1,"4":1,"5":1,"6":1,"7":1,"8":1,"9":1,"10":1,"11":1,"12":0,"13":0,"14":0,"15":1,"16":0,"17":1,"18":0,"19":0,"20":0,"21":0,"22":0,"23":0,"24":0,"25":0,"26":0,"27":0,"28":0,"29":0,"30":0,"31":0,"32":0,"33":0,"34":0,"35":0,"36":0,"37":0,"38":0,"39":0,"40":1,"41":0,"42":0,"43":0,"44":0,"45":0,"46":0,"47":0,"48":0,"49":0,"50":0,"51":0,"52":0,"53":0,"54":0,"55":0,"56":1,"57":0,"58":0,"59":0,"60":0,"61":0,"62":0,"63":0,"64":0,"65":0,"66":0,"67":0,"68":0,"69":0,"70":0,"71":0},"b":{"1":[0,0],"2":[0,0],"3":[0,0],"4":[0,0],"5":[0,0],"6":[0,0],"7":[0,0],"8":[0,0],"9":[0,0],"10":[0,0],"11":[0,0],"12":[0,0],"13":[0,0]},"f":{"1":0,"2":0,"3":0,"4":0,"5":0,"6":0,"7":0,"8":0},"fnMap":{"1":{"name":"minMax","line":13,"loc":{"start":{"line":13,"column":0},"end":{"line":13,"column":47}}},"2":{"name":"lessThan","line":28,"loc":{"start":{"line":28,"column":4},"end":{"line":28,"column":29}}},"3":{"name":"greaterThan","line":29,"loc":{"start":{"line":29,"column":4},"end":{"line":29,"column":32}}},"4":{"name":"getMoves","line":155,"loc":{"start":{"line":155,"column":0},"end":{"line":155,"column":41}}},"5":{"name":"(anonymous_5)","line":158,"loc":{"start":{"line":158,"column":44},"end":{"line":158,"column":61}}},"6":{"name":"(anonymous_6)","line":181,"loc":{"start":{"line":181,"column":21},"end":{"line":181,"column":37}}},"7":{"name":"score","line":188,"loc":{"start":{"line":188,"column":0},"end":{"line":188,"column":40}}},"8":{"name":"(anonymous_8)","line":193,"loc":{"start":{"line":193,"column":21},"end":{"line":193,"column":39}}}},"statementMap":{"1":{"start":{"line":1,"column":0},"end":{"line":1,"column":33}},"2":{"start":{"line":2,"column":0},"end":{"line":2,"column":33}},"3":{"start":{"line":3,"column":0},"end":{"line":3,"column":43}},"4":{"start":{"line":4,"column":0},"end":{"line":4,"column":41}},"5":{"start":{"line":5,"column":0},"end":{"line":5,"column":41}},"6":{"start":{"line":6,"column":0},"end":{"line":6,"column":29}},"7":{"start":{"line":7,"column":0},"end":{"line":7,"column":29}},"8":{"start":{"line":8,"column":0},"end":{"line":8,"column":23}},"9":{"start":{"line":9,"column":0},"end":{"line":9,"column":23}},"10":{"start":{"line":11,"column":0},"end":{"line":11,"column":34}},"11":{"start":{"line":13,"column":0},"end":{"line":83,"column":1}},"12":{"start":{"line":14,"column":4},"end":{"line":25,"column":5}},"13":{"start":{"line":15,"column":1},"end":{"line":25,"column":4}},"14":{"start":{"line":27,"column":4},"end":{"line":27,"column":55}},"15":{"start":{"line":28,"column":4},"end":{"line":28,"column":45}},"16":{"start":{"line":28,"column":31},"end":{"line":28,"column":44}},"17":{"start":{"line":29,"column":4},"end":{"line":29,"column":48}},"18":{"start":{"line":29,"column":34},"end":{"line":29,"column":47}},"19":{"start":{"line":31,"column":4},"end":{"line":31,"column":19}},"20":{"start":{"line":32,"column":4},"end":{"line":32,"column":15}},"21":{"start":{"line":33,"column":4},"end":{"line":33,"column":13}},"22":{"start":{"line":34,"column":4},"end":{"line":34,"column":41}},"23":{"start":{"line":36,"column":4},"end":{"line":47,"column":5}},"24":{"start":{"line":37,"column":1},"end":{"line":47,"column":4}},"25":{"start":{"line":49,"column":4},"end":{"line":51,"column":5}},"26":{"start":{"line":50,"column":1},"end":{"line":50,"column":49}},"27":{"start":{"line":53,"column":4},"end":{"line":53,"column":53}},"28":{"start":{"line":54,"column":4},"end":{"line":55,"column":32}},"29":{"start":{"line":57,"column":4},"end":{"line":71,"column":5}},"30":{"start":{"line":59,"column":1},"end":{"line":59,"column":28}},"31":{"start":{"line":60,"column":1},"end":{"line":60,"column":44}},"32":{"start":{"line":61,"column":1},"end":{"line":61,"column":67}},"33":{"start":{"line":62,"column":1},"end":{"line":62,"column":45}},"34":{"start":{"line":64,"column":1},"end":{"line":64,"column":50}},"35":{"start":{"line":66,"column":1},"end":{"line":70,"column":2}},"36":{"start":{"line":67,"column":5},"end":{"line":67,"column":29}},"37":{"start":{"line":68,"column":5},"end":{"line":68,"column":31}},"38":{"start":{"line":69,"column":5},"end":{"line":69,"column":33}},"39":{"start":{"line":73,"column":4},"end":{"line":81,"column":6}},"40":{"start":{"line":155,"column":0},"end":{"line":186,"column":1}},"41":{"start":{"line":156,"column":4},"end":{"line":156,"column":54}},"42":{"start":{"line":157,"column":4},"end":{"line":157,"column":46}},"43":{"start":{"line":158,"column":4},"end":{"line":179,"column":7}},"44":{"start":{"line":159,"column":1},"end":{"line":159,"column":48}},"45":{"start":{"line":162,"column":1},"end":{"line":164,"column":2}},"46":{"start":{"line":163,"column":5},"end":{"line":163,"column":18}},"47":{"start":{"line":166,"column":1},"end":{"line":168,"column":2}},"48":{"start":{"line":167,"column":5},"end":{"line":167,"column":18}},"49":{"start":{"line":170,"column":1},"end":{"line":172,"column":2}},"50":{"start":{"line":171,"column":5},"end":{"line":171,"column":18}},"51":{"start":{"line":174,"column":1},"end":{"line":178,"column":18}},"52":{"start":{"line":175,"column":5},"end":{"line":175,"column":18}},"53":{"start":{"line":178,"column":6},"end":{"line":178,"column":18}},"54":{"start":{"line":181,"column":4},"end":{"line":185,"column":7}},"55":{"start":{"line":182,"column":1},"end":{"line":185,"column":4}},"56":{"start":{"line":188,"column":0},"end":{"line":217,"column":1}},"57":{"start":{"line":189,"column":4},"end":{"line":189,"column":33}},"58":{"start":{"line":190,"column":4},"end":{"line":190,"column":21}},"59":{"start":{"line":191,"column":4},"end":{"line":191,"column":38}},"60":{"start":{"line":193,"column":4},"end":{"line":210,"column":7}},"61":{"start":{"line":194,"column":1},"end":{"line":194,"column":17}},"62":{"start":{"line":195,"column":1},"end":{"line":195,"column":52}},"63":{"start":{"line":196,"column":1},"end":{"line":196,"column":56}},"64":{"start":{"line":199,"column":1},"end":{"line":202,"column":2}},"65":{"start":{"line":200,"column":5},"end":{"line":200,"column":19}},"66":{"start":{"line":201,"column":5},"end":{"line":201,"column":12}},"67":{"start":{"line":205,"column":1},"end":{"line":207,"column":27}},"68":{"start":{"line":209,"column":1},"end":{"line":209,"column":25}},"69":{"start":{"line":212,"column":4},"end":{"line":216,"column":5}},"70":{"start":{"line":213,"column":1},"end":{"line":214,"column":4}},"71":{"start":{"line":215,"column":1},"end":{"line":215,"column":18}}},"branchMap":{"1":{"line":14,"type":"if","locations":[{"start":{"line":14,"column":4},"end":{"line":14,"column":4}},{"start":{"line":14,"column":4},"end":{"line":14,"column":4}}]},"2":{"line":27,"type":"cond-expr","locations":[{"start":{"line":27,"column":32},"end":{"line":27,"column":43}},{"start":{"line":27,"column":46},"end":{"line":27,"column":54}}]},"3":{"line":36,"type":"if","locations":[{"start":{"line":36,"column":4},"end":{"line":36,"column":4}},{"start":{"line":36,"column":4},"end":{"line":36,"column":4}}]},"4":{"line":53,"type":"cond-expr","locations":[{"start":{"line":53,"column":31},"end":{"line":53,"column":40}},{"start":{"line":53,"column":43},"end":{"line":53,"column":52}}]},"5":{"line":66,"type":"if","locations":[{"start":{"line":66,"column":1},"end":{"line":66,"column":1}},{"start":{"line":66,"column":1},"end":{"line":66,"column":1}}]},"6":{"line":66,"type":"binary-expr","locations":[{"start":{"line":66,"column":5},"end":{"line":66,"column":15}},{"start":{"line":66,"column":19},"end":{"line":66,"column":53}}]},"7":{"line":162,"type":"if","locations":[{"start":{"line":162,"column":1},"end":{"line":162,"column":1}},{"start":{"line":162,"column":1},"end":{"line":162,"column":1}}]},"8":{"line":166,"type":"if","locations":[{"start":{"line":166,"column":1},"end":{"line":166,"column":1}},{"start":{"line":166,"column":1},"end":{"line":166,"column":1}}]},"9":{"line":170,"type":"if","locations":[{"start":{"line":170,"column":1},"end":{"line":170,"column":1}},{"start":{"line":170,"column":1},"end":{"line":170,"column":1}}]},"10":{"line":170,"type":"binary-expr","locations":[{"start":{"line":170,"column":5},"end":{"line":170,"column":20}},{"start":{"line":170,"column":24},"end":{"line":170,"column":52}}]},"11":{"line":174,"type":"if","locations":[{"start":{"line":174,"column":1},"end":{"line":174,"column":1}},{"start":{"line":174,"column":1},"end":{"line":174,"column":1}}]},"12":{"line":199,"type":"if","locations":[{"start":{"line":199,"column":1},"end":{"line":199,"column":1}},{"start":{"line":199,"column":1},"end":{"line":199,"column":1}}]},"13":{"line":212,"type":"if","locations":[{"start":{"line":212,"column":4},"end":{"line":212,"column":4}},{"start":{"line":212,"column":4},"end":{"line":212,"column":4}}]}}}}