TN:
SF:/Users/lukealbao/Dropbox/dev/tictactoe/lib/bits.js
FN:14,getFlags
FN:25,setFlags
FN:27,(anonymous_3)
FN:33,countFlags
FN:37,stringifyBitArray
FN:47,oneStepAway
FNF:6
FNH:6
FNDA:519737,getFlags
FNDA:30,setFlags
FNDA:119,(anonymous_3)
FNDA:1485144,countFlags
FNDA:4554,stringifyBitArray
FNDA:495048,oneStepAway
DA:6,1
DA:14,1
DA:15,519737
DA:17,519737
DA:18,16111847
DA:19,1363967
DA:22,519737
DA:25,1
DA:26,30
DA:27,30
DA:28,119
DA:30,30
DA:33,1
DA:34,1485144
DA:37,1
DA:38,4554
DA:41,4554
DA:42,13900
DA:44,4554
DA:47,1
DA:48,495048
DA:52,495048
DA:53,109054
DA:55,385994
DA:56,286351
DA:58,99643
LF:26
LH:26
BRDA:18,1,0,1363967
BRDA:18,1,1,14747880
BRDA:34,2,0,1485144
BRDA:34,2,1,349512
BRDA:52,3,0,109054
BRDA:52,3,1,385994
BRDA:53,4,0,109054
BRDA:53,4,1,5706
BRDA:55,5,0,286351
BRDA:55,5,1,99643
BRF:10
BRH:10
end_of_record
TN:
SF:/Users/lukealbao/Dropbox/dev/tictactoe/lib/ai-controller.js
FN:35,(anonymous_1)
FN:54,(anonymous_2)
FN:58,(anonymous_3)
FN:64,opponentWins
FN:83,searchRoot
FN:120,alphaBeta
FN:176,getMoves
FN:179,(anonymous_8)
FN:202,(anonymous_9)
FN:221,score
FN:226,(anonymous_11)
FN:256,prepareMove
FNF:12
FNH:10
FNDA:0,(anonymous_1)
FNDA:1,(anonymous_2)
FNDA:0,(anonymous_3)
FNDA:999,opponentWins
FNDA:5,searchRoot
FNDA:546,alphaBeta
FNDA:110,getMoves
FNDA:3658,(anonymous_8)
FNDA:1073,(anonymous_9)
FNDA:511,score
FNDA:4408,(anonymous_11)
FNDA:2,prepareMove
DA:15,1
DA:22,1
DA:23,1
DA:24,1
DA:25,1
DA:26,1
DA:27,1
DA:28,1
DA:29,1
DA:30,1
DA:32,1
DA:35,1
DA:36,0
DA:37,0
DA:38,0
DA:39,0
DA:41,0
DA:43,0
DA:44,0
DA:46,0
DA:50,0
DA:54,1
DA:55,1
DA:58,1
DA:59,0
DA:60,0
DA:64,1
DA:65,999
DA:66,999
DA:67,999
DA:68,999
DA:69,999
DA:70,999
DA:71,999
DA:73,999
DA:74,5700
DA:75,5700
DA:76,5700
DA:77,611
DA:80,388
DA:83,1
DA:84,5
DA:85,5
DA:86,5
DA:87,5
DA:88,5
DA:89,5
DA:90,5
DA:92,5
DA:93,43
DA:99,28
DA:103,5
DA:104,15
DA:107,15
DA:110,15
DA:111,5
DA:112,5
DA:114,15
DA:117,5
DA:120,1
DA:121,546
DA:122,447
DA:125,99
DA:126,99
DA:127,99
DA:128,99
DA:129,99
DA:130,99
DA:133,99
DA:134,15
DA:138,84
DA:139,963
DA:140,583
DA:145,84
DA:147,531
DA:148,531
DA:149,531
DA:152,531
DA:153,489
DA:154,489
DA:155,489
DA:156,0
DA:158,42
DA:159,42
DA:160,42
DA:161,42
DA:162,42
DA:167,42
DA:176,1
DA:177,110
DA:178,110
DA:179,110
DA:180,3658
DA:183,3658
DA:184,831
DA:187,2827
DA:188,1739
DA:191,1088
DA:192,15
DA:195,1073
DA:196,0
DA:199,1073
DA:202,110
DA:203,1073
DA:221,1
DA:222,511
DA:223,511
DA:224,511
DA:226,511
DA:227,4408
DA:228,4408
DA:229,4408
DA:232,4408
DA:233,155
DA:234,155
DA:238,4253
DA:242,4253
DA:245,511
DA:246,62
DA:248,449
DA:256,1
DA:257,2
DA:258,2
DA:259,2
DA:260,2
DA:261,2
DA:262,2
DA:263,2
DA:264,2
DA:265,2
DA:267,2
DA:268,1
DA:269,1
DA:270,1
DA:274,1
DA:275,3
DA:276,3
DA:277,3
DA:278,1
DA:279,1
DA:280,1
DA:281,1
DA:287,2
LF:143
LH:130
BRDA:22,1,0,1
BRDA:22,1,1,1
BRDA:38,2,0,0
BRDA:38,2,1,0
BRDA:41,3,0,0
BRDA:41,3,1,0
BRDA:59,4,0,0
BRDA:59,4,1,0
BRDA:76,5,0,611
BRDA:76,5,1,5089
BRDA:76,6,0,5700
BRDA:76,6,1,1074
BRDA:93,7,0,28
BRDA:93,7,1,15
BRDA:93,8,0,43
BRDA:93,8,1,42
BRDA:93,8,2,36
BRDA:110,9,0,5
BRDA:110,9,1,10
BRDA:121,10,0,447
BRDA:121,10,1,99
BRDA:130,11,0,57
BRDA:130,11,1,42
BRDA:133,12,0,15
BRDA:133,12,1,84
BRDA:139,13,0,583
BRDA:139,13,1,380
BRDA:139,14,0,963
BRDA:139,14,1,963
BRDA:152,15,0,489
BRDA:152,15,1,42
BRDA:155,16,0,0
BRDA:155,16,1,489
BRDA:158,17,0,42
BRDA:158,17,1,0
BRDA:161,18,0,42
BRDA:161,18,1,0
BRDA:183,19,0,831
BRDA:183,19,1,2827
BRDA:187,20,0,1739
BRDA:187,20,1,1088
BRDA:191,21,0,15
BRDA:191,21,1,1073
BRDA:191,22,0,1088
BRDA:191,22,1,59
BRDA:195,23,0,0
BRDA:195,23,1,1073
BRDA:232,24,0,155
BRDA:232,24,1,4253
BRDA:245,25,0,62
BRDA:245,25,1,449
BRDA:267,26,0,1
BRDA:267,26,1,1
BRDA:277,27,0,1
BRDA:277,27,1,2
BRDA:280,28,0,1
BRDA:280,28,1,0
BRF:57
BRH:46
end_of_record
TN:
SF:/Users/lukealbao/Dropbox/dev/tictactoe/lib/struct.js
FN:34,boardMask
FN:43,stages
FN:52,attackVectors
FN:61,(anonymous_4)
FN:69,(anonymous_5)
FN:71,(anonymous_6)
FN:75,(anonymous_7)
FN:81,populateEdges
FN:95,populateSinglePlayerStates
FN:102,(anonymous_10)
FN:112,populateAllSinglePlayerStates
FN:121,populateFullGameStates
FN:128,(anonymous_13)
FN:138,populateAllFullGameStates
FN:147,populateWinningStates
FN:157,(anonymous_16)
FN:160,(anonymous_17)
FN:170,(anonymous_18)
FN:175,populateMoveGraph
FNF:19
FNH:19
FNDA:1514,boardMask
FNDA:1,stages
FNDA:1512,attackVectors
FNDA:13608,(anonymous_4)
FNDA:12096,(anonymous_5)
FNDA:12944,(anonymous_6)
FNDA:10584,(anonymous_7)
FNDA:1,populateEdges
FNDA:2,populateSinglePlayerStates
FNDA:260,(anonymous_10)
FNDA:2,populateAllSinglePlayerStates
FNDA:1,populateFullGameStates
FNDA:465,(anonymous_13)
FNDA:1,populateAllFullGameStates
FNDA:2,populateWinningStates
FNDA:48,(anonymous_16)
FNDA:32,(anonymous_17)
FNDA:14,(anonymous_18)
FNDA:1,populateMoveGraph
DA:9,1
DA:10,1
DA:11,1
DA:12,1
DA:13,1
DA:14,1
DA:15,1
DA:16,1
DA:17,1
DA:18,1
DA:19,1
DA:21,1
DA:34,1
DA:35,1514
DA:36,1514
DA:37,13626
DA:39,1514
DA:43,1
DA:45,1
DA:52,1
DA:56,1512
DA:57,1512
DA:58,1512
DA:59,1512
DA:61,1512
DA:62,13608
DA:63,1618
DA:69,1512
DA:70,12096
DA:71,12096
DA:72,12944
DA:74,12096
DA:76,10584
DA:79,1512
DA:81,1
DA:82,1
DA:88,1
DA:89,1
DA:90,1
DA:91,1
DA:92,1
DA:95,1
DA:96,2
DA:97,2
DA:99,8
DA:103,260
DA:107,8
DA:109,2
DA:112,1
DA:113,2
DA:114,2
DA:115,2
DA:116,6
DA:118,2
DA:121,1
DA:122,1
DA:123,1
DA:125,6
DA:129,465
DA:133,6
DA:135,1
DA:138,1
DA:139,1
DA:140,1
DA:141,1
DA:142,6
DA:144,1
DA:147,1
DA:148,2
DA:155,2
DA:156,16
DA:158,48
DA:161,32
DA:164,16
DA:167,2
DA:170,14
DA:171,2
DA:175,1
DA:176,1
DA:177,1
DA:180,1
DA:181,728
DA:184,728
DA:185,48
DA:188,680
DA:190,680
DA:191,495040
DA:192,495040
DA:193,20563
DA:199,1
LF:90
LH:90
BRDA:62,1,0,1618
BRDA:62,1,1,11990
BRDA:184,2,0,48
BRDA:184,2,1,680
BRDA:192,3,0,20563
BRDA:192,3,1,474477
BRDA:192,4,0,495040
BRDA:192,4,1,20563
BRF:8
BRH:8
end_of_record
TN:
SF:/Users/lukealbao/Dropbox/dev/tictactoe/lib/bitboard.js
FN:17,generateStates
FN:37,addTwoRows
FN:41,addOneRow
FN:64,translate
FNF:4
FNH:4
FNDA:14,generateStates
FNDA:2277,addTwoRows
FNDA:4554,addOneRow
FNDA:756,translate
DA:8,1
DA:10,1
DA:17,1
DA:18,14
DA:21,14
DA:23,7168
DA:24,71680
DA:25,32256
DA:28,7168
DA:29,725
DA:33,14
DA:37,1
DA:38,2277
DA:41,1
DA:42,4554
DA:47,4554
DA:49,4554
DA:50,20493
DA:52,4554
DA:56,2277
DA:58,2277
DA:60,2277
DA:64,1
DA:65,756
DA:68,756
DA:69,6804
DA:71,756
LF:27
LH:27
BRDA:24,1,0,32256
BRDA:24,1,1,39424
BRDA:28,2,0,725
BRDA:28,2,1,6443
BRF:4
BRH:4
end_of_record
TN:
SF:/Users/lukealbao/Dropbox/dev/tictactoe/lib/util.js
FN:12,range
FN:29,dedupe
FN:41,clone
FNF:3
FNH:1
FNDA:0,range
FNDA:14,dedupe
FNDA:0,clone
DA:6,1
DA:12,1
DA:13,0
DA:14,0
DA:15,0
DA:17,0
DA:19,0
DA:20,0
DA:22,0
DA:23,0
DA:26,0
DA:29,1
DA:30,14
DA:31,6651
DA:32,1698
DA:35,14
DA:36,1698
DA:38,14
DA:41,1
DA:42,0
DA:43,0
DA:44,0
DA:46,0
LF:23
LH:10
BRDA:13,1,0,0
BRDA:13,1,1,0
BRDA:14,2,0,0
BRDA:14,2,1,0
BRDA:17,3,0,0
BRDA:17,3,1,0
BRDA:31,4,0,1698
BRDA:31,4,1,4953
BRF:8
BRH:2
end_of_record
TN:
SF:/Users/lukealbao/Dropbox/dev/tictactoe/lib/game.js
FN:12,Player
FN:22,Game
FNF:2
FNH:2
FNDA:10,Player
FNDA:5,Game
DA:9,1
DA:10,1
DA:12,1
DA:13,10
DA:14,10
DA:15,10
DA:16,10
DA:17,10
DA:18,10
DA:22,1
DA:23,5
DA:27,5
DA:28,5
DA:30,5
DA:31,5
DA:32,5
DA:33,5
DA:34,5
DA:35,5
DA:37,5
DA:40,1
LF:21
LH:21
BRF:0
BRH:0
end_of_record
TN:
SF:/Users/lukealbao/Dropbox/dev/tictactoe/lib/game-controller.js
FN:25,GameController
FN:50,createGame
FN:52,(anonymous_3)
FN:73,submitMove
FN:163,validMove
FN:179,processMoveRequest
FN:184,loadGameState
FN:185,(anonymous_8)
FN:197,submitMove
FN:200,viewDiffs
FN:203,(anonymous_11)
FN:221,writeGame
FN:223,(anonymous_13)
FN:232,alertOpponent
FN:243,drain
FN:255,reorientBoard
FN:275,(anonymous_17)
FNF:17
FNH:17
FNDA:2,GameController
FNDA:4,createGame
FNDA:4,(anonymous_3)
FNDA:11,submitMove
FNDA:6,validMove
FNDA:5,processMoveRequest
FNDA:5,loadGameState
FNDA:5,(anonymous_8)
FNDA:4,submitMove
FNDA:3,viewDiffs
FNDA:9,(anonymous_11)
FNDA:3,writeGame
FNDA:3,(anonymous_13)
FNDA:3,alertOpponent
FNDA:5,drain
FNDA:4,reorientBoard
FNDA:12,(anonymous_17)
DA:13,1
DA:15,1
DA:16,1
DA:17,1
DA:18,1
DA:19,1
DA:20,1
DA:21,1
DA:22,1
DA:23,1
DA:25,1
DA:26,2
DA:27,2
DA:28,2
DA:29,2
DA:32,1
DA:33,1
DA:34,1
DA:35,1
DA:36,1
DA:50,1
DA:51,4
DA:52,4
DA:53,4
DA:54,0
DA:55,0
DA:57,4
DA:73,1
DA:74,11
DA:79,11
DA:80,11
DA:81,11
DA:83,11
DA:89,2
DA:90,2
DA:91,2
DA:92,2
DA:93,2
DA:96,9
DA:97,1
DA:98,1
DA:101,9
DA:102,9
DA:103,9
DA:107,9
DA:110,9
DA:111,1
DA:112,1
DA:113,1
DA:114,1
DA:115,1
DA:117,8
DA:119,2
DA:120,2
DA:121,2
DA:122,2
DA:123,2
DA:125,6
DA:126,1
DA:127,1
DA:128,1
DA:129,1
DA:130,1
DA:134,5
DA:135,5
DA:137,5
DA:140,5
DA:142,5
DA:143,1
DA:144,1
DA:147,5
DA:148,5
DA:149,5
DA:163,1
DA:164,6
DA:179,1
DA:180,5
DA:181,5
DA:185,5
DA:186,5
DA:187,5
DA:188,1
DA:190,1
DA:193,4
DA:198,4
DA:201,3
DA:202,3
DA:203,3
DA:204,9
DA:205,9
DA:207,3
DA:208,3
DA:209,9
DA:210,0
DA:213,3
DA:214,9
DA:215,0
DA:219,3
DA:222,3
DA:223,3
DA:224,3
DA:225,0
DA:226,0
DA:228,3
DA:233,3
DA:234,3
DA:235,3
DA:236,3
DA:237,3
DA:239,3
DA:244,5
DA:245,2
DA:246,2
DA:248,3
DA:249,3
DA:255,1
DA:256,4
DA:257,4
DA:258,4
DA:259,4
DA:261,4
DA:262,0
DA:264,4
DA:265,0
DA:267,4
DA:268,0
DA:270,4
DA:271,1
DA:275,4
DA:276,12
DA:277,3
DA:279,3
DA:281,9
DA:282,0
DA:284,0
DA:290,4
DA:291,1
DA:292,1
DA:293,3
DA:294,0
DA:295,0
DA:297,4
LF:142
LH:129
BRDA:53,1,0,0
BRDA:53,1,1,4
BRDA:83,2,0,2
BRDA:83,2,1,9
BRDA:83,3,0,11
BRDA:83,3,1,11
BRDA:83,3,2,10
BRDA:83,3,3,9
BRDA:83,3,4,9
BRDA:96,4,0,1
BRDA:96,4,1,8
BRDA:102,5,0,5
BRDA:102,5,1,4
BRDA:104,6,0,5
BRDA:104,6,1,4
BRDA:110,7,0,1
BRDA:110,7,1,8
BRDA:117,8,0,2
BRDA:117,8,1,6
BRDA:117,9,0,8
BRDA:117,9,1,7
BRDA:125,10,0,1
BRDA:125,10,1,5
BRDA:140,11,0,5
BRDA:140,11,1,0
BRDA:142,12,0,1
BRDA:142,12,1,4
BRDA:164,13,0,6
BRDA:164,13,1,5
BRDA:187,14,0,1
BRDA:187,14,1,4
BRDA:188,15,0,1
BRDA:188,15,1,0
BRDA:209,16,0,0
BRDA:209,16,1,9
BRDA:214,17,0,0
BRDA:214,17,1,9
BRDA:224,18,0,0
BRDA:224,18,1,3
BRDA:244,19,0,2
BRDA:244,19,1,3
BRDA:261,20,0,0
BRDA:261,20,1,4
BRDA:264,21,0,0
BRDA:264,21,1,4
BRDA:267,22,0,0
BRDA:267,22,1,4
BRDA:270,23,0,1
BRDA:270,23,1,3
BRDA:276,24,0,3
BRDA:276,24,1,9
BRDA:277,25,0,0
BRDA:277,25,1,3
BRDA:279,26,0,0
BRDA:279,26,1,3
BRDA:281,27,0,0
BRDA:281,27,1,9
BRDA:282,28,0,0
BRDA:282,28,1,0
BRDA:284,29,0,0
BRDA:284,29,1,0
BRDA:290,30,0,1
BRDA:290,30,1,3
BRDA:293,31,0,0
BRDA:293,31,1,3
BRF:65
BRH:48
end_of_record
