TN:
SF:/Users/lukealbao/Dropbox/dev/tictactoe/lib/bits.js
FN:14,getFlags
FN:25,setFlags
FN:27,(anonymous_3)
FN:33,countFlags
FN:37,stringifyBitArray
FN:47,oneStepAway
FNF:6
FNH:6
FNDA:1226159,getFlags
FNDA:30,setFlags
FNDA:119,(anonymous_3)
FNDA:1485144,countFlags
FNDA:69260,stringifyBitArray
FNDA:495048,oneStepAway
DA:6,1
DA:14,1
DA:15,1226159
DA:17,1226159
DA:18,38010929
DA:19,2378151
DA:22,1226159
DA:25,1
DA:26,30
DA:27,30
DA:28,119
DA:30,30
DA:33,1
DA:34,1485144
DA:37,1
DA:38,69260
DA:41,69260
DA:42,175665
DA:44,69260
DA:47,1
DA:48,495048
DA:52,495048
DA:53,109054
DA:55,385994
DA:56,286351
DA:58,99643
LF:26
LH:26
BRDA:18,1,0,2378151
BRDA:18,1,1,35632778
BRDA:34,2,0,1485144
BRDA:34,2,1,349512
BRDA:52,3,0,109054
BRDA:52,3,1,385994
BRDA:53,4,0,109054
BRDA:53,4,1,5706
BRDA:55,5,0,286351
BRDA:55,5,1,99643
BRF:10
BRH:10
end_of_record
TN:
SF:/Users/lukealbao/Dropbox/dev/tictactoe/lib/ai-controller.js
FN:37,(anonymous_1)
FN:59,(anonymous_2)
FN:63,(anonymous_3)
FN:69,opponentWins
FN:88,searchRoot
FN:125,alphaBeta
FN:181,getMoves
FN:184,(anonymous_8)
FN:207,(anonymous_9)
FN:226,score
FN:231,(anonymous_11)
FN:261,prepareMove
FNF:12
FNH:12
FNDA:1,(anonymous_1)
FNDA:1,(anonymous_2)
FNDA:1,(anonymous_3)
FNDA:26736,opponentWins
FNDA:6,searchRoot
FNDA:12283,alphaBeta
FNDA:5256,getMoves
FNDA:269371,(anonymous_8)
FNDA:26810,(anonymous_9)
FNDA:7127,score
FNDA:60440,(anonymous_11)
FNDA:3,prepareMove
DA:17,1
DA:24,1
DA:25,1
DA:26,1
DA:27,1
DA:28,1
DA:29,1
DA:30,1
DA:31,1
DA:32,1
DA:34,1
DA:37,1
DA:38,1
DA:39,0
DA:41,1
DA:42,1
DA:43,1
DA:44,1
DA:46,1
DA:48,0
DA:49,0
DA:51,1
DA:55,1
DA:59,1
DA:60,1
DA:63,1
DA:64,1
DA:65,0
DA:69,1
DA:70,26736
DA:71,26736
DA:72,26736
DA:73,26736
DA:74,26736
DA:75,26736
DA:76,26736
DA:78,26736
DA:79,167425
DA:80,167425
DA:81,167425
DA:82,16324
DA:85,10412
DA:88,1
DA:89,6
DA:90,6
DA:91,6
DA:92,6
DA:93,6
DA:94,6
DA:95,6
DA:97,6
DA:98,67
DA:104,28
DA:108,6
DA:109,39
DA:112,39
DA:115,39
DA:116,6
DA:117,6
DA:119,39
DA:122,6
DA:125,1
DA:126,12283
DA:127,7039
DA:130,5244
DA:131,5244
DA:132,5244
DA:133,5244
DA:134,5244
DA:135,5244
DA:138,5244
DA:139,15
DA:143,5229
DA:144,26676
DA:145,16296
DA:150,5229
DA:152,12244
DA:153,12244
DA:154,12244
DA:157,12244
DA:158,4821
DA:159,4821
DA:160,4821
DA:161,346
DA:163,7423
DA:164,7423
DA:165,7423
DA:166,7423
DA:167,3806
DA:172,1077
DA:181,1
DA:182,5256
DA:183,5256
DA:184,5256
DA:185,269371
DA:188,269371
DA:189,43162
DA:192,226209
DA:193,144113
DA:196,82096
DA:197,55286
DA:200,26810
DA:201,0
DA:204,26810
DA:207,5256
DA:208,26810
DA:226,1
DA:227,7127
DA:228,7127
DA:229,7127
DA:231,7127
DA:232,60440
DA:233,60440
DA:234,60440
DA:237,60440
DA:238,2547
DA:239,2547
DA:243,57893
DA:247,57893
DA:250,7127
DA:251,6678
DA:253,449
DA:261,1
DA:262,3
DA:263,3
DA:264,3
DA:265,3
DA:266,3
DA:267,3
DA:268,3
DA:269,3
DA:270,3
DA:272,3
DA:273,2
DA:274,2
DA:275,2
DA:279,1
DA:280,3
DA:281,3
DA:282,3
DA:283,1
DA:284,1
DA:285,1
DA:286,1
DA:292,3
DA:301,1
LF:146
LH:141
BRDA:24,1,0,1
BRDA:24,1,1,1
BRDA:38,2,0,0
BRDA:38,2,1,1
BRDA:43,3,0,0
BRDA:43,3,1,1
BRDA:46,4,0,0
BRDA:46,4,1,1
BRDA:64,5,0,0
BRDA:64,5,1,1
BRDA:81,6,0,16324
BRDA:81,6,1,151101
BRDA:81,7,0,167425
BRDA:81,7,1,30197
BRDA:98,8,0,28
BRDA:98,8,1,39
BRDA:98,9,0,67
BRDA:98,9,1,66
BRDA:98,9,2,60
BRDA:115,10,0,6
BRDA:115,10,1,33
BRDA:126,11,0,7039
BRDA:126,11,1,5244
BRDA:135,12,0,870
BRDA:135,12,1,4374
BRDA:138,13,0,15
BRDA:138,13,1,5229
BRDA:144,14,0,16296
BRDA:144,14,1,10380
BRDA:144,15,0,26676
BRDA:144,15,1,26676
BRDA:157,16,0,4821
BRDA:157,16,1,7423
BRDA:160,17,0,346
BRDA:160,17,1,4475
BRDA:163,18,0,7423
BRDA:163,18,1,0
BRDA:166,19,0,3806
BRDA:166,19,1,3617
BRDA:188,20,0,43162
BRDA:188,20,1,226209
BRDA:192,21,0,144113
BRDA:192,21,1,82096
BRDA:196,22,0,55286
BRDA:196,22,1,26810
BRDA:196,23,0,82096
BRDA:196,23,1,81067
BRDA:200,24,0,0
BRDA:200,24,1,26810
BRDA:237,25,0,2547
BRDA:237,25,1,57893
BRDA:250,26,0,6678
BRDA:250,26,1,449
BRDA:272,27,0,2
BRDA:272,27,1,1
BRDA:282,28,0,1
BRDA:282,28,1,2
BRDA:285,29,0,1
BRDA:285,29,1,0
BRF:59
BRH:52
end_of_record
TN:
SF:/Users/lukealbao/Dropbox/dev/tictactoe/lib/struct.js
FN:34,boardMask
FN:43,stages
FN:52,attackVectors
FN:61,(anonymous_4)
FN:69,(anonymous_5)
FN:71,(anonymous_6)
FN:75,(anonymous_7)
FN:81,populateEdges
FN:95,populateSinglePlayerStates
FN:102,(anonymous_10)
FN:112,populateAllSinglePlayerStates
FN:121,populateFullGameStates
FN:128,(anonymous_13)
FN:138,populateAllFullGameStates
FN:147,populateWinningStates
FN:157,(anonymous_16)
FN:160,(anonymous_17)
FN:170,(anonymous_18)
FN:175,populateMoveGraph
FNF:19
FNH:19
FNDA:33867,boardMask
FNDA:1,stages
FNDA:33865,attackVectors
FNDA:304785,(anonymous_4)
FNDA:270920,(anonymous_5)
FNDA:293736,(anonymous_6)
FNDA:237055,(anonymous_7)
FNDA:1,populateEdges
FNDA:2,populateSinglePlayerStates
FNDA:260,(anonymous_10)
FNDA:2,populateAllSinglePlayerStates
FNDA:1,populateFullGameStates
FNDA:465,(anonymous_13)
FNDA:1,populateAllFullGameStates
FNDA:2,populateWinningStates
FNDA:48,(anonymous_16)
FNDA:32,(anonymous_17)
FNDA:14,(anonymous_18)
FNDA:1,populateMoveGraph
DA:9,1
DA:10,1
DA:11,1
DA:12,1
DA:13,1
DA:14,1
DA:15,1
DA:16,1
DA:17,1
DA:18,1
DA:19,1
DA:21,1
DA:34,1
DA:35,33867
DA:36,33867
DA:37,304803
DA:39,33867
DA:43,1
DA:45,1
DA:52,1
DA:56,33865
DA:57,33865
DA:58,33865
DA:59,33865
DA:61,33865
DA:62,304785
DA:63,36717
DA:69,33865
DA:70,270920
DA:71,270920
DA:72,293736
DA:74,270920
DA:76,237055
DA:79,33865
DA:81,1
DA:82,1
DA:88,1
DA:89,1
DA:90,1
DA:91,1
DA:92,1
DA:95,1
DA:96,2
DA:97,2
DA:99,8
DA:103,260
DA:107,8
DA:109,2
DA:112,1
DA:113,2
DA:114,2
DA:115,2
DA:116,6
DA:118,2
DA:121,1
DA:122,1
DA:123,1
DA:125,6
DA:129,465
DA:133,6
DA:135,1
DA:138,1
DA:139,1
DA:140,1
DA:141,1
DA:142,6
DA:144,1
DA:147,1
DA:148,2
DA:155,2
DA:156,16
DA:158,48
DA:161,32
DA:164,16
DA:167,2
DA:170,14
DA:171,2
DA:175,1
DA:176,1
DA:177,1
DA:180,1
DA:181,728
DA:184,728
DA:185,48
DA:188,680
DA:190,680
DA:191,495040
DA:192,495040
DA:193,20563
DA:199,1
LF:90
LH:90
BRDA:62,1,0,36717
BRDA:62,1,1,268068
BRDA:184,2,0,48
BRDA:184,2,1,680
BRDA:192,3,0,20563
BRDA:192,3,1,474477
BRDA:192,4,0,495040
BRDA:192,4,1,20563
BRF:8
BRH:8
end_of_record
TN:
SF:/Users/lukealbao/Dropbox/dev/tictactoe/lib/bitboard.js
FN:17,generateStates
FN:37,addTwoRows
FN:41,addOneRow
FN:64,translate
FNF:4
FNH:4
FNDA:14,generateStates
FNDA:34630,addTwoRows
FNDA:69260,addOneRow
FNDA:756,translate
DA:8,1
DA:10,1
DA:17,1
DA:18,14
DA:21,14
DA:23,7168
DA:24,71680
DA:25,32256
DA:28,7168
DA:29,725
DA:33,14
DA:37,1
DA:38,34630
DA:41,1
DA:42,69260
DA:47,69260
DA:49,69260
DA:50,311670
DA:52,69260
DA:56,34630
DA:58,34630
DA:60,34630
DA:64,1
DA:65,756
DA:68,756
DA:69,6804
DA:71,756
LF:27
LH:27
BRDA:24,1,0,32256
BRDA:24,1,1,39424
BRDA:28,2,0,725
BRDA:28,2,1,6443
BRF:4
BRH:4
end_of_record
TN:
SF:/Users/lukealbao/Dropbox/dev/tictactoe/lib/util.js
FN:12,range
FN:29,dedupe
FN:41,clone
FNF:3
FNH:1
FNDA:0,range
FNDA:14,dedupe
FNDA:0,clone
DA:6,1
DA:12,1
DA:13,0
DA:14,0
DA:15,0
DA:17,0
DA:19,0
DA:20,0
DA:22,0
DA:23,0
DA:26,0
DA:29,1
DA:30,14
DA:31,6651
DA:32,1698
DA:35,14
DA:36,1698
DA:38,14
DA:41,1
DA:42,0
DA:43,0
DA:44,0
DA:46,0
LF:23
LH:10
BRDA:13,1,0,0
BRDA:13,1,1,0
BRDA:14,2,0,0
BRDA:14,2,1,0
BRDA:17,3,0,0
BRDA:17,3,1,0
BRDA:31,4,0,1698
BRDA:31,4,1,4953
BRF:8
BRH:2
end_of_record
TN:
SF:/Users/lukealbao/Dropbox/dev/tictactoe/lib/game.js
FN:12,Player
FN:22,Game
FNF:2
FNH:2
FNDA:10,Player
FNDA:5,Game
DA:9,1
DA:10,1
DA:12,1
DA:13,10
DA:14,10
DA:15,10
DA:16,10
DA:17,10
DA:18,10
DA:22,1
DA:23,5
DA:27,5
DA:28,5
DA:30,5
DA:31,5
DA:32,5
DA:33,5
DA:34,5
DA:35,5
DA:37,5
DA:40,1
LF:21
LH:21
BRF:0
BRH:0
end_of_record
TN:
SF:/Users/lukealbao/Dropbox/dev/tictactoe/lib/game-controller.js
FN:26,GameController
FN:51,createGame
FN:53,(anonymous_3)
FN:74,submitMove
FN:164,validMove
FN:180,processMoveRequest
FN:185,loadGameState
FN:186,(anonymous_8)
FN:198,submitMove
FN:201,viewDiffs
FN:204,(anonymous_11)
FN:222,writeGame
FN:224,(anonymous_13)
FN:233,alertOpponent
FN:244,drain
FN:256,reorientBoard
FN:276,(anonymous_17)
FNF:17
FNH:17
FNDA:2,GameController
FNDA:4,createGame
FNDA:4,(anonymous_3)
FNDA:12,submitMove
FNDA:7,validMove
FNDA:6,processMoveRequest
FNDA:6,loadGameState
FNDA:6,(anonymous_8)
FNDA:5,submitMove
FNDA:4,viewDiffs
FNDA:12,(anonymous_11)
FNDA:4,writeGame
FNDA:4,(anonymous_13)
FNDA:4,alertOpponent
FNDA:6,drain
FNDA:5,reorientBoard
FNDA:15,(anonymous_17)
DA:14,1
DA:16,1
DA:17,1
DA:18,1
DA:19,1
DA:20,1
DA:21,1
DA:22,1
DA:23,1
DA:24,1
DA:26,1
DA:27,2
DA:28,2
DA:29,2
DA:30,2
DA:33,1
DA:34,1
DA:35,1
DA:36,1
DA:37,1
DA:51,1
DA:52,4
DA:53,4
DA:54,4
DA:55,0
DA:56,0
DA:58,4
DA:74,1
DA:75,12
DA:80,12
DA:81,12
DA:82,12
DA:84,12
DA:90,2
DA:91,2
DA:92,2
DA:93,2
DA:94,2
DA:97,10
DA:98,1
DA:99,1
DA:102,10
DA:103,10
DA:104,10
DA:108,10
DA:111,10
DA:112,1
DA:113,1
DA:114,1
DA:115,1
DA:116,1
DA:118,9
DA:120,2
DA:121,2
DA:122,2
DA:123,2
DA:124,2
DA:126,7
DA:127,1
DA:128,1
DA:129,1
DA:130,1
DA:131,1
DA:135,6
DA:136,6
DA:138,6
DA:141,6
DA:143,6
DA:144,1
DA:145,1
DA:148,6
DA:149,6
DA:150,6
DA:164,1
DA:165,7
DA:180,1
DA:181,6
DA:182,6
DA:186,6
DA:187,6
DA:188,6
DA:189,1
DA:191,1
DA:194,5
DA:199,5
DA:202,4
DA:203,4
DA:204,4
DA:205,12
DA:206,12
DA:208,4
DA:209,4
DA:210,12
DA:211,1
DA:214,4
DA:215,12
DA:216,1
DA:220,4
DA:223,4
DA:224,4
DA:225,4
DA:226,0
DA:227,0
DA:229,4
DA:234,4
DA:235,4
DA:236,4
DA:237,4
DA:238,4
DA:240,4
DA:245,6
DA:246,2
DA:247,2
DA:249,4
DA:250,4
DA:256,1
DA:257,5
DA:258,5
DA:259,5
DA:260,5
DA:262,5
DA:263,0
DA:265,5
DA:266,1
DA:268,5
DA:269,0
DA:271,5
DA:272,2
DA:276,5
DA:277,15
DA:278,6
DA:280,6
DA:282,9
DA:283,0
DA:285,0
DA:291,5
DA:292,2
DA:293,2
DA:294,3
DA:295,0
DA:296,0
DA:298,5
LF:142
LH:132
BRDA:54,1,0,0
BRDA:54,1,1,4
BRDA:84,2,0,2
BRDA:84,2,1,10
BRDA:84,3,0,12
BRDA:84,3,1,12
BRDA:84,3,2,11
BRDA:84,3,3,10
BRDA:84,3,4,10
BRDA:97,4,0,1
BRDA:97,4,1,9
BRDA:103,5,0,5
BRDA:103,5,1,5
BRDA:105,6,0,5
BRDA:105,6,1,5
BRDA:111,7,0,1
BRDA:111,7,1,9
BRDA:118,8,0,2
BRDA:118,8,1,7
BRDA:118,9,0,9
BRDA:118,9,1,8
BRDA:126,10,0,1
BRDA:126,10,1,6
BRDA:141,11,0,5
BRDA:141,11,1,1
BRDA:143,12,0,1
BRDA:143,12,1,5
BRDA:165,13,0,7
BRDA:165,13,1,6
BRDA:188,14,0,1
BRDA:188,14,1,5
BRDA:189,15,0,1
BRDA:189,15,1,0
BRDA:210,16,0,1
BRDA:210,16,1,11
BRDA:215,17,0,1
BRDA:215,17,1,11
BRDA:225,18,0,0
BRDA:225,18,1,4
BRDA:245,19,0,2
BRDA:245,19,1,4
BRDA:262,20,0,0
BRDA:262,20,1,5
BRDA:265,21,0,1
BRDA:265,21,1,4
BRDA:268,22,0,0
BRDA:268,22,1,5
BRDA:271,23,0,2
BRDA:271,23,1,3
BRDA:277,24,0,6
BRDA:277,24,1,9
BRDA:278,25,0,2
BRDA:278,25,1,4
BRDA:280,26,0,2
BRDA:280,26,1,4
BRDA:282,27,0,0
BRDA:282,27,1,9
BRDA:283,28,0,0
BRDA:283,28,1,0
BRDA:285,29,0,0
BRDA:285,29,1,0
BRDA:291,30,0,2
BRDA:291,30,1,3
BRDA:294,31,0,0
BRDA:294,31,1,3
BRF:65
BRH:54
end_of_record
